<?xml version="1.0" encoding="UTF-8"?>
<testsuite xmlns:xsi="http://www.w3.org/2001/XMLSchema-instance" xsi:noNamespaceSchemaLocation="https://maven.apache.org/surefire/maven-surefire-plugin/xsd/surefire-test-report.xsd" name="com.Nttadta.nttdatacentersspringt1SLA.NttdatacentersSpringT1SlaApplicationTests" time="12.386" tests="1" errors="1" skipped="0" failures="0">
  <properties>
[...]
</properties>
  <testcase name="contextLoads" classname="com.Nttadta.nttdatacentersspringt1SLA.NttdatacentersSpringT1SlaApplicationTests" time="0.018">
    <error message="Failed to load ApplicationContext for [WebMergedContextConfiguration@66297b63 testClass = com.Nttadta.nttdatacentersspringt1SLA.NttdatacentersSpringT1SlaApplicationTests, locations = [], classes = [com.Nttadta.nttdatacentersspringt1SLA.NttdatacentersSpringT1SlaApplication], contextInitializerClasses = [], activeProfiles = [], propertySourceLocations = [], propertySourceProperties = [&quot;org.springframework.boot.test.context.SpringBootTestContextBootstrapper=true&quot;], contextCustomizers = [org.springframework.boot.test.context.filter.ExcludeFilterContextCustomizer@3569fc08, org.springframework.boot.test.json.DuplicateJsonObjectContextCustomizerFactory$DuplicateJsonObjectContextCustomizer@7d42c224, org.springframework.boot.test.mock.mockito.MockitoContextCustomizer@0, org.springframework.boot.test.web.client.TestRestTemplateContextCustomizer@315f43d5, org.springframework.boot.test.autoconfigure.actuate.observability.ObservabilityContextCustomizerFactory$DisableObservabilityContextCustomizer@9da1, org.springframework.boot.test.autoconfigure.properties.PropertyMappingContextCustomizer@0, org.springframework.boot.test.autoconfigure.web.servlet.WebDriverContextCustomizerFactory$Customizer@4a11eb84, org.springframework.boot.test.context.SpringBootTestAnnotation@decebd39], resourceBasePath = &quot;src/main/webapp&quot;, contextLoader = org.springframework.boot.test.context.SpringBootContextLoader, parent = null]" type="java.lang.IllegalStateException">java.lang.IllegalStateException: Failed to load ApplicationContext for [WebMergedContextConfiguration@66297b63 testClass = com.Nttadta.nttdatacentersspringt1SLA.NttdatacentersSpringT1SlaApplicationTests, locations = [], classes = [com.Nttadta.nttdatacentersspringt1SLA.NttdatacentersSpringT1SlaApplication], contextInitializerClasses = [], activeProfiles = [], propertySourceLocations = [], propertySourceProperties = ["org.springframework.boot.test.context.SpringBootTestContextBootstrapper=true"], contextCustomizers = [org.springframework.boot.test.context.filter.ExcludeFilterContextCustomizer@3569fc08, org.springframework.boot.test.json.DuplicateJsonObjectContextCustomizerFactory$DuplicateJsonObjectContextCustomizer@7d42c224, org.springframework.boot.test.mock.mockito.MockitoContextCustomizer@0, org.springframework.boot.test.web.client.TestRestTemplateContextCustomizer@315f43d5, org.springframework.boot.test.autoconfigure.actuate.observability.ObservabilityContextCustomizerFactory$DisableObservabilityContextCustomizer@9da1, org.springframework.boot.test.autoconfigure.properties.PropertyMappingContextCustomizer@0, org.springframework.boot.test.autoconfigure.web.servlet.WebDriverContextCustomizerFactory$Customizer@4a11eb84, org.springframework.boot.test.context.SpringBootTestAnnotation@decebd39], resourceBasePath = "src/main/webapp", contextLoader = org.springframework.boot.test.context.SpringBootContextLoader, parent = null]
Caused by: java.lang.IllegalStateException: Failed to execute CommandLineRunner
Caused by: org.springframework.dao.IncorrectResultSizeDataAccessException: query did not return a unique result: 2
Caused by: jakarta.persistence.NonUniqueResultException: query did not return a unique result: 2
</error>
    <system-out><![CDATA[10:20:01,250 |-INFO in ch.qos.logback.classic.LoggerContext[default] - This is logback-classic version 1.4.5
10:20:01,296 |-INFO in ch.qos.logback.classic.LoggerContext[default] - Could NOT find resource [logback-test.xml]
10:20:01,302 |-INFO in ch.qos.logback.classic.LoggerContext[default] - Found resource [logback.xml] at [file:/C:/Users/Solid%20Lizard/OneDrive/Escritorio/nttdatacenters-spring-t1-SLA/target/classes/logback.xml]
10:20:01,525 |-WARN in ch.qos.logback.core.model.processor.AppenderModelHandler - Appender named [file] not referenced. Skipping further processing.
10:20:01,525 |-INFO in ch.qos.logback.core.model.processor.AppenderModelHandler - Processing appender named [consola]
10:20:01,525 |-INFO in ch.qos.logback.core.model.processor.AppenderModelHandler - About to instantiate appender of type [ch.qos.logback.core.ConsoleAppender]
10:20:01,545 |-INFO in ch.qos.logback.core.model.processor.ImplicitModelHandler - Assuming default type [ch.qos.logback.classic.encoder.PatternLayoutEncoder] for [encoder] property
10:20:01,594 |-INFO in ch.qos.logback.classic.model.processor.RootLoggerModelHandler - Setting level of ROOT logger to DEBUG
10:20:01,594 |-INFO in ch.qos.logback.core.model.processor.AppenderRefModelHandler - Attaching appender named [consola] to Logger[ROOT]
10:20:01,595 |-INFO in ch.qos.logback.core.model.processor.DefaultProcessor@58be6e8 - End of configuration.
10:20:01,596 |-INFO in ch.qos.logback.classic.joran.JoranConfigurator@7331196b - Registering current configuration as safe fallback point

[DEBUG] - [main] - SpringBootTestContextBootstrapper: Neither @ContextConfiguration nor @ContextHierarchy found for test class [NttdatacentersSpringT1SlaApplicationTests]: using SpringBootContextLoader
[DEBUG] - [main] - AbstractContextLoader: Could not detect default resource locations for test class [com.Nttadta.nttdatacentersspringt1SLA.NttdatacentersSpringT1SlaApplicationTests]: no resource found for suffixes {-context.xml, Context.groovy}.
[INFO ] - [main] - AnnotationConfigContextLoaderUtils: Could not detect default configuration classes for test class [com.Nttadta.nttdatacentersspringt1SLA.NttdatacentersSpringT1SlaApplicationTests]: NttdatacentersSpringT1SlaApplicationTests does not declare any static, non-private, non-final, nested classes annotated with @Configuration.
[DEBUG] - [main] - SpringBootTestContextBootstrapper: Using ContextCustomizers for test class [NttdatacentersSpringT1SlaApplicationTests]: [ExcludeFilterContextCustomizer, DuplicateJsonObjectContextCustomizer, MockitoContextCustomizer, TestRestTemplateContextCustomizer, DisableObservabilityContextCustomizer, PropertyMappingContextCustomizer, Customizer]
[DEBUG] - [main] - ClassPathScanningCandidateComponentProvider: Identified candidate component class: file [C:\Users\Solid Lizard\OneDrive\Escritorio\nttdatacenters-spring-t1-SLA\target\classes\com\Nttadta\nttdatacentersspringt1SLA\NttdatacentersSpringT1SlaApplication.class]
[INFO ] - [main] - SpringBootTestContextBootstrapper: Found @SpringBootConfiguration com.Nttadta.nttdatacentersspringt1SLA.NttdatacentersSpringT1SlaApplication for test class com.Nttadta.nttdatacentersspringt1SLA.NttdatacentersSpringT1SlaApplicationTests
[DEBUG] - [main] - SpringBootTestContextBootstrapper: Using TestExecutionListeners for test class [NttdatacentersSpringT1SlaApplicationTests]: [ServletTestExecutionListener, DirtiesContextBeforeModesTestExecutionListener, ApplicationEventsTestExecutionListener, MockitoTestExecutionListener, DependencyInjectionTestExecutionListener, DirtiesContextTestExecutionListener, TransactionalTestExecutionListener, SqlScriptsTestExecutionListener, EventPublishingTestExecutionListener, ResetMocksTestExecutionListener, RestDocsTestExecutionListener, MockRestServiceServerResetTestExecutionListener, MockMvcPrintOnlyOnFailureTestExecutionListener, WebDriverTestExecutionListener, MockWebServiceServerTestExecutionListener]
[DEBUG] - [main] - AbstractDirtiesContextTestExecutionListener: Before test class: class [NttdatacentersSpringT1SlaApplicationTests], class annotated with @DirtiesContext [false] with mode [null]

  .   ____          _            __ _ _
 /\\ / ___'_ __ _ _(_)_ __  __ _ \ \ \ \
( ( )\___ | '_ | '_| | '_ \/ _` | \ \ \ \
 \\/  ___)| |_)| | | | | || (_| |  ) ) ) )
  '  |____| .__|_| |_|_| |_\__, | / / / /
 =========|_|==============|___/=/_/_/_/
 :: Spring Boot ::                (v3.0.0)

[INFO ] - [main] - NttdatacentersSpringT1SlaApplicationTests: Starting NttdatacentersSpringT1SlaApplicationTests using Java 17.0.2 with PID 25464 (started by Solid Lizard in C:\Users\Solid Lizard\OneDrive\Escritorio\nttdatacenters-spring-t1-SLA)
[DEBUG] - [main] - NttdatacentersSpringT1SlaApplicationTests: Running with Spring Boot v3.0.0, Spring v6.0.2
[INFO ] - [main] - NttdatacentersSpringT1SlaApplicationTests: No active profile set, falling back to 1 default profile: "default"
[DEBUG] - [main] - SpringApplication: Loading source class com.Nttadta.nttdatacentersspringt1SLA.NttdatacentersSpringT1SlaApplication
[DEBUG] - [main] - GenericWebApplicationContext: Refreshing org.springframework.web.context.support.GenericWebApplicationContext@2d7e1102
[DEBUG] - [main] - DefaultListableBeanFactory: Creating shared instance of singleton bean 'org.springframework.context.annotation.internalConfigurationAnnotationProcessor'
[DEBUG] - [main] - DefaultListableBeanFactory: Creating shared instance of singleton bean 'org.springframework.boot.autoconfigure.internalCachingMetadataReaderFactory'
[DEBUG] - [main] - ClassPathBeanDefinitionScanner: Identified candidate component class: file [C:\Users\Solid Lizard\OneDrive\Escritorio\nttdatacenters-spring-t1-SLA\target\classes\com\Nttadta\nttdatacentersspringt1SLA\controllers\ExampleController.class]
[DEBUG] - [main] - ClassPathBeanDefinitionScanner: Identified candidate component class: file [C:\Users\Solid Lizard\OneDrive\Escritorio\nttdatacenters-spring-t1-SLA\target\classes\com\Nttadta\nttdatacentersspringt1SLA\controllers\HomeController.class]
[DEBUG] - [main] - ClassPathBeanDefinitionScanner: Ignored because not a concrete top-level class: file [C:\Users\Solid Lizard\OneDrive\Escritorio\nttdatacenters-spring-t1-SLA\target\classes\com\Nttadta\nttdatacentersspringt1SLA\repository\FlatDAOI.class]
[DEBUG] - [main] - ClassPathBeanDefinitionScanner: Ignored because not a concrete top-level class: file [C:\Users\Solid Lizard\OneDrive\Escritorio\nttdatacenters-spring-t1-SLA\target\classes\com\Nttadta\nttdatacentersspringt1SLA\repository\FloorDAOI.class]
[DEBUG] - [main] - ClassPathBeanDefinitionScanner: Ignored because not a concrete top-level class: file [C:\Users\Solid Lizard\OneDrive\Escritorio\nttdatacenters-spring-t1-SLA\target\classes\com\Nttadta\nttdatacentersspringt1SLA\repository\PersonDAOI.class]
[DEBUG] - [main] - ClassPathBeanDefinitionScanner: Identified candidate component class: file [C:\Users\Solid Lizard\OneDrive\Escritorio\nttdatacenters-spring-t1-SLA\target\classes\com\Nttadta\nttdatacentersspringt1SLA\services\FlatManagementServiceImpl.class]
[DEBUG] - [main] - ClassPathBeanDefinitionScanner: Identified candidate component class: file [C:\Users\Solid Lizard\OneDrive\Escritorio\nttdatacenters-spring-t1-SLA\target\classes\com\Nttadta\nttdatacentersspringt1SLA\services\FloorManagementServiceImpl.class]
[DEBUG] - [main] - ClassPathBeanDefinitionScanner: Identified candidate component class: file [C:\Users\Solid Lizard\OneDrive\Escritorio\nttdatacenters-spring-t1-SLA\target\classes\com\Nttadta\nttdatacentersspringt1SLA\services\PersonManagementServiceImpl.class]
[INFO ] - [main] - RepositoryConfigurationDelegate: Bootstrapping Spring Data JPA repositories in DEFAULT mode.
[DEBUG] - [main] - DefaultListableBeanFactory: Creating shared instance of singleton bean 'org.springframework.boot.autoconfigure.AutoConfigurationPackages'
[DEBUG] - [main] - AutoConfigurationPackages: @EnableAutoConfiguration was declared on a class in the package 'com.Nttadta.nttdatacentersspringt1SLA'. Automatic @Repository and @Entity scanning is enabled.
[DEBUG] - [main] - RepositoryConfigurationDelegate: Scanning for JPA repositories in packages com.Nttadta.nttdatacentersspringt1SLA.
[DEBUG] - [main] - RepositoryComponentProvider: Identified candidate component class: file [C:\Users\Solid Lizard\OneDrive\Escritorio\nttdatacenters-spring-t1-SLA\target\classes\com\Nttadta\nttdatacentersspringt1SLA\repository\FlatDAOI.class]
[DEBUG] - [main] - RepositoryComponentProvider: Identified candidate component class: file [C:\Users\Solid Lizard\OneDrive\Escritorio\nttdatacenters-spring-t1-SLA\target\classes\com\Nttadta\nttdatacentersspringt1SLA\repository\FloorDAOI.class]
[DEBUG] - [main] - RepositoryComponentProvider: Identified candidate component class: file [C:\Users\Solid Lizard\OneDrive\Escritorio\nttdatacenters-spring-t1-SLA\target\classes\com\Nttadta\nttdatacentersspringt1SLA\repository\PersonDAOI.class]
[DEBUG] - [main] - ClassPathScanningCandidateComponentProvider: Identified candidate component class: file [C:\Users\Solid Lizard\OneDrive\Escritorio\nttdatacenters-spring-t1-SLA\target\classes\com\Nttadta\nttdatacentersspringt1SLA\services\FlatManagementServiceImpl.class]
[DEBUG] - [main] - ClassPathScanningCandidateComponentProvider: Identified candidate component class: file [C:\Users\Solid Lizard\OneDrive\Escritorio\nttdatacenters-spring-t1-SLA\target\classes\com\Nttadta\nttdatacentersspringt1SLA\services\FloorManagementServiceImpl.class]
[DEBUG] - [main] - ClassPathScanningCandidateComponentProvider: Identified candidate component class: file [C:\Users\Solid Lizard\OneDrive\Escritorio\nttdatacenters-spring-t1-SLA\target\classes\com\Nttadta\nttdatacentersspringt1SLA\services\PersonManagementServiceImpl.class]
[INFO ] - [main] - RepositoryConfigurationDelegate: Finished Spring Data repository scanning in 126 ms. Found 3 JPA repository interfaces.
[DEBUG] - [main] - DefaultListableBeanFactory: Creating shared instance of singleton bean 'propertySourcesPlaceholderConfigurer'
[DEBUG] - [main] - DefaultListableBeanFactory: Creating shared instance of singleton bean 'org.springframework.boot.test.mock.mockito.MockitoPostProcessor'
[DEBUG] - [main] - DefaultListableBeanFactory: Creating shared instance of singleton bean 'emBeanDefinitionRegistrarPostProcessor'
[DEBUG] - [main] - DefaultListableBeanFactory: Creating shared instance of singleton bean 'org.springframework.boot.sql.init.dependency.DatabaseInitializationDependencyConfigurer$DependsOnDatabaseInitializationPostProcessor'
[DEBUG] - [main] - DefaultListableBeanFactory: Creating shared instance of singleton bean 'org.springframework.context.event.internalEventListenerProcessor'
[DEBUG] - [main] - DefaultListableBeanFactory: Creating shared instance of singleton bean 'org.springframework.context.event.internalEventListenerFactory'
[DEBUG] - [main] - DefaultListableBeanFactory: Creating shared instance of singleton bean 'org.springframework.transaction.config.internalTransactionalEventListenerFactory'
[DEBUG] - [main] - DefaultListableBeanFactory: Creating shared instance of singleton bean 'org.springframework.boot.test.mock.mockito.MockitoPostProcessor$SpyPostProcessor'
[DEBUG] - [main] - DefaultListableBeanFactory: Creating shared instance of singleton bean 'org.springframework.context.annotation.internalAutowiredAnnotationProcessor'
[DEBUG] - [main] - DefaultListableBeanFactory: Creating shared instance of singleton bean 'org.springframework.context.annotation.internalCommonAnnotationProcessor'
[DEBUG] - [main] - DefaultListableBeanFactory: Creating shared instance of singleton bean 'org.springframework.context.annotation.internalPersistenceAnnotationProcessor'
[DEBUG] - [main] - DefaultListableBeanFactory: Creating shared instance of singleton bean 'org.springframework.boot.context.properties.ConfigurationPropertiesBindingPostProcessor'
[DEBUG] - [main] - DefaultListableBeanFactory: Creating shared instance of singleton bean 'org.springframework.boot.context.internalConfigurationPropertiesBinder'
[DEBUG] - [main] - DefaultListableBeanFactory: Creating shared instance of singleton bean 'org.springframework.boot.context.internalConfigurationPropertiesBinderFactory'
[DEBUG] - [main] - DefaultListableBeanFactory: Creating shared instance of singleton bean 'org.springframework.aop.config.internalAutoProxyCreator'
[DEBUG] - [main] - DefaultListableBeanFactory: Creating shared instance of singleton bean 'persistenceExceptionTranslationPostProcessor'
[DEBUG] - [main] - DefaultListableBeanFactory: Autowiring by type from bean name 'persistenceExceptionTranslationPostProcessor' via factory method to bean named 'environment'
[DEBUG] - [main] - DefaultListableBeanFactory: Creating shared instance of singleton bean 'webServerFactoryCustomizerBeanPostProcessor'
[DEBUG] - [main] - DefaultListableBeanFactory: Creating shared instance of singleton bean 'errorPageRegistrarBeanPostProcessor'
[DEBUG] - [main] - DefaultListableBeanFactory: Creating shared instance of singleton bean 'projectingArgumentResolverBeanPostProcessor'
[DEBUG] - [main] - DefaultListableBeanFactory: Creating shared instance of singleton bean 'org.springframework.transaction.config.internalTransactionAdvisor'
[DEBUG] - [main] - DefaultListableBeanFactory: Creating shared instance of singleton bean 'org.springframework.transaction.annotation.ProxyTransactionManagementConfiguration'
[DEBUG] - [main] - DefaultListableBeanFactory: Creating shared instance of singleton bean 'transactionAttributeSource'
[DEBUG] - [main] - DefaultListableBeanFactory: Creating shared instance of singleton bean 'transactionInterceptor'
[DEBUG] - [main] - DefaultListableBeanFactory: Autowiring by type from bean name 'transactionInterceptor' via factory method to bean named 'transactionAttributeSource'
[DEBUG] - [main] - DefaultListableBeanFactory: Autowiring by type from bean name 'org.springframework.transaction.config.internalTransactionAdvisor' via factory method to bean named 'transactionAttributeSource'
[DEBUG] - [main] - DefaultListableBeanFactory: Autowiring by type from bean name 'org.springframework.transaction.config.internalTransactionAdvisor' via factory method to bean named 'transactionInterceptor'
[DEBUG] - [main] - UiApplicationContextUtils: Unable to locate ThemeSource with name 'themeSource': using default [org.springframework.ui.context.support.ResourceBundleThemeSource@32456db0]
[DEBUG] - [main] - DefaultListableBeanFactory: Creating shared instance of singleton bean 'dataSourceScriptDatabaseInitializer'
[DEBUG] - [main] - DefaultListableBeanFactory: Creating shared instance of singleton bean 'org.springframework.boot.autoconfigure.sql.init.DataSourceInitializationConfiguration'
[DEBUG] - [main] - DefaultListableBeanFactory: Creating shared instance of singleton bean 'dataSource'
[DEBUG] - [main] - DefaultListableBeanFactory: Creating shared instance of singleton bean 'org.springframework.boot.autoconfigure.jdbc.DataSourceConfiguration$Hikari'
[DEBUG] - [main] - DefaultListableBeanFactory: Creating shared instance of singleton bean 'spring.datasource-org.springframework.boot.autoconfigure.jdbc.DataSourceProperties'
[DEBUG] - [main] - DefaultListableBeanFactory: Creating shared instance of singleton bean 'org.springframework.boot.context.properties.BoundConfigurationProperties'
[DEBUG] - [main] - DefaultListableBeanFactory: Autowiring by type from bean name 'dataSource' via factory method to bean named 'spring.datasource-org.springframework.boot.autoconfigure.jdbc.DataSourceProperties'
[DEBUG] - [main] - HikariConfig: Driver class com.mysql.cj.jdbc.Driver found in Thread context class loader jdk.internal.loader.ClassLoaders$AppClassLoader@6d5380c2
[DEBUG] - [main] - DefaultListableBeanFactory: Creating shared instance of singleton bean 'spring.sql.init-org.springframework.boot.autoconfigure.sql.init.SqlInitializationProperties'
[DEBUG] - [main] - DefaultListableBeanFactory: Autowiring by type from bean name 'dataSourceScriptDatabaseInitializer' via factory method to bean named 'dataSource'
[DEBUG] - [main] - DefaultListableBeanFactory: Autowiring by type from bean name 'dataSourceScriptDatabaseInitializer' via factory method to bean named 'spring.sql.init-org.springframework.boot.autoconfigure.sql.init.SqlInitializationProperties'
[DEBUG] - [main] - DefaultListableBeanFactory: Creating shared instance of singleton bean 'entityManagerFactory'
[DEBUG] - [main] - DefaultListableBeanFactory: Creating shared instance of singleton bean 'org.springframework.boot.autoconfigure.orm.jpa.HibernateJpaConfiguration'
[DEBUG] - [main] - DefaultListableBeanFactory: Creating shared instance of singleton bean 'spring.jpa-org.springframework.boot.autoconfigure.orm.jpa.JpaProperties'
[DEBUG] - [main] - DefaultListableBeanFactory: Creating shared instance of singleton bean 'spring.jpa.hibernate-org.springframework.boot.autoconfigure.orm.jpa.HibernateProperties'
[DEBUG] - [main] - DefaultListableBeanFactory: Autowiring by type from bean name 'org.springframework.boot.autoconfigure.orm.jpa.HibernateJpaConfiguration' via constructor to bean named 'dataSource'
[DEBUG] - [main] - DefaultListableBeanFactory: Autowiring by type from bean name 'org.springframework.boot.autoconfigure.orm.jpa.HibernateJpaConfiguration' via constructor to bean named 'spring.jpa-org.springframework.boot.autoconfigure.orm.jpa.JpaProperties'
[DEBUG] - [main] - DefaultListableBeanFactory: Autowiring by type from bean name 'org.springframework.boot.autoconfigure.orm.jpa.HibernateJpaConfiguration' via constructor to bean named 'org.springframework.beans.factory.support.DefaultListableBeanFactory@ae372b9'
[DEBUG] - [main] - DefaultListableBeanFactory: Autowiring by type from bean name 'org.springframework.boot.autoconfigure.orm.jpa.HibernateJpaConfiguration' via constructor to bean named 'spring.jpa.hibernate-org.springframework.boot.autoconfigure.orm.jpa.HibernateProperties'
[DEBUG] - [main] - DefaultListableBeanFactory: Creating shared instance of singleton bean 'hikariPoolDataSourceMetadataProvider'
[DEBUG] - [main] - DefaultListableBeanFactory: Creating shared instance of singleton bean 'org.springframework.boot.autoconfigure.jdbc.metadata.DataSourcePoolMetadataProvidersConfiguration$HikariPoolDataSourceMetadataProviderConfiguration'
[DEBUG] - [main] - DefaultListableBeanFactory: Creating shared instance of singleton bean 'entityManagerFactoryBuilder'
[DEBUG] - [main] - DefaultListableBeanFactory: Creating shared instance of singleton bean 'jpaVendorAdapter'
[DEBUG] - [main] - logging: Logging Provider: org.jboss.logging.Slf4jLoggerProvider found via system property
[DEBUG] - [main] - DefaultListableBeanFactory: Autowiring by type from bean name 'entityManagerFactoryBuilder' via factory method to bean named 'jpaVendorAdapter'
[DEBUG] - [main] - DefaultListableBeanFactory: Creating shared instance of singleton bean 'persistenceManagedTypes'
[DEBUG] - [main] - DefaultListableBeanFactory: Autowiring by type from bean name 'persistenceManagedTypes' via factory method to bean named 'org.springframework.beans.factory.support.DefaultListableBeanFactory@ae372b9'
[DEBUG] - [main] - DefaultListableBeanFactory: Autowiring by type from bean name 'persistenceManagedTypes' via factory method to bean named 'org.springframework.web.context.support.GenericWebApplicationContext@2d7e1102'
[DEBUG] - [main] - DefaultListableBeanFactory: Autowiring by type from bean name 'entityManagerFactory' via factory method to bean named 'entityManagerFactoryBuilder'
[DEBUG] - [main] - DefaultListableBeanFactory: Autowiring by type from bean name 'entityManagerFactory' via factory method to bean named 'persistenceManagedTypes'
[DEBUG] - [main] - LocalContainerEntityManagerFactoryBean: Building JPA container EntityManagerFactory for persistence unit 'default'
[DEBUG] - [main] - LogHelper: PersistenceUnitInfo [
	name: default
	persistence provider classname: null
	classloader: jdk.internal.loader.ClassLoaders$AppClassLoader@6d5380c2
	excludeUnlistedClasses: true
	JTA datasource: null
	Non JTA datasource: HikariDataSource (null)
	Transaction type: RESOURCE_LOCAL
	PU root URL: file:/C:/Users/Solid%20Lizard/OneDrive/Escritorio/nttdatacenters-spring-t1-SLA/target/test-classes/
	Shared Cache Mode: UNSPECIFIED
	Validation Mode: AUTO
	Jar files URLs []
	Managed classes names [
		com.Nttadta.nttdatacentersspringt1SLA.repository.Flat
		com.Nttadta.nttdatacentersspringt1SLA.repository.Floor
		com.Nttadta.nttdatacentersspringt1SLA.repository.Person]
	Mapping files names []
	Properties []
[DEBUG] - [main] - IntegratorServiceImpl: Adding Integrator [org.hibernate.cfg.beanvalidation.BeanValidationIntegrator].
[DEBUG] - [main] - IntegratorServiceImpl: Adding Integrator [org.hibernate.cache.internal.CollectionCacheInvalidator].
[INFO ] - [main] - Version: HHH000412: Hibernate ORM core version 6.1.5.Final
[DEBUG] - [main] - Environment: HHH000206: hibernate.properties not found
[DEBUG] - [main] - factory: Registering IdentifierGenerator strategy [uuid2] -> [org.hibernate.id.UUIDGenerator]
[DEBUG] - [main] - factory: Registering IdentifierGenerator strategy [guid] -> [org.hibernate.id.GUIDGenerator]
[DEBUG] - [main] - factory: Registering IdentifierGenerator strategy [uuid] -> [org.hibernate.id.UUIDHexGenerator]
[DEBUG] - [main] - factory: Registering IdentifierGenerator strategy [uuid.hex] -> [org.hibernate.id.UUIDHexGenerator]
[DEBUG] - [main] - factory: Registering IdentifierGenerator strategy [assigned] -> [org.hibernate.id.Assigned]
[DEBUG] - [main] - factory: Registering IdentifierGenerator strategy [identity] -> [org.hibernate.id.IdentityGenerator]
[DEBUG] - [main] - factory: Registering IdentifierGenerator strategy [select] -> [org.hibernate.id.SelectGenerator]
[DEBUG] - [main] - factory: Registering IdentifierGenerator strategy [sequence] -> [org.hibernate.id.enhanced.SequenceStyleGenerator]
[DEBUG] - [main] - factory: Registering IdentifierGenerator strategy [increment] -> [org.hibernate.id.IncrementGenerator]
[DEBUG] - [main] - factory: Registering IdentifierGenerator strategy [foreign] -> [org.hibernate.id.ForeignGenerator]
[DEBUG] - [main] - factory: Registering IdentifierGenerator strategy [enhanced-sequence] -> [org.hibernate.id.enhanced.SequenceStyleGenerator]
[DEBUG] - [main] - factory: Registering IdentifierGenerator strategy [enhanced-table] -> [org.hibernate.id.enhanced.TableGenerator]
[WARN ] - [main] - deprecation: HHH90000021: Encountered deprecated setting [javax.persistence.sharedCache.mode], use [jakarta.persistence.sharedCache.mode] instead
[DEBUG] - [main] - RegionFactoryInitiator: Cannot default RegionFactory based on registered strategies as `[]` RegionFactory strategies were registered
[DEBUG] - [main] - RegionFactoryInitiator: Cache region factory : org.hibernate.cache.internal.NoCachingRegionFactory
[DEBUG] - [main] - JdbcTypeRegistry: addDescriptor(FloatTypeDescriptor) replaced previous registration(DoubleTypeDescriptor)
[DEBUG] - [main] - BasicTypeRegistry: Adding type registration boolean -> org.hibernate.type.BasicTypeReference@35f7969d
[DEBUG] - [main] - BasicTypeRegistry: Adding type registration boolean -> org.hibernate.type.BasicTypeReference@35f7969d
[DEBUG] - [main] - BasicTypeRegistry: Adding type registration java.lang.Boolean -> org.hibernate.type.BasicTypeReference@35f7969d
[DEBUG] - [main] - BasicTypeRegistry: Adding type registration numeric_boolean -> org.hibernate.type.BasicTypeReference@3404e5c4
[DEBUG] - [main] - BasicTypeRegistry: Adding type registration org.hibernate.type.NumericBooleanConverter -> org.hibernate.type.BasicTypeReference@3404e5c4
[DEBUG] - [main] - BasicTypeRegistry: Adding type registration true_false -> org.hibernate.type.BasicTypeReference@47569167
[DEBUG] - [main] - BasicTypeRegistry: Adding type registration org.hibernate.type.TrueFalseConverter -> org.hibernate.type.BasicTypeReference@47569167
[DEBUG] - [main] - BasicTypeRegistry: Adding type registration yes_no -> org.hibernate.type.BasicTypeReference@42d9e8d2
[DEBUG] - [main] - BasicTypeRegistry: Adding type registration org.hibernate.type.YesNoConverter -> org.hibernate.type.BasicTypeReference@42d9e8d2
[DEBUG] - [main] - BasicTypeRegistry: Adding type registration byte -> org.hibernate.type.BasicTypeReference@4b93dd6a
[DEBUG] - [main] - BasicTypeRegistry: Adding type registration byte -> org.hibernate.type.BasicTypeReference@4b93dd6a
[DEBUG] - [main] - BasicTypeRegistry: Adding type registration java.lang.Byte -> org.hibernate.type.BasicTypeReference@4b93dd6a
[DEBUG] - [main] - BasicTypeRegistry: Adding type registration binary -> org.hibernate.type.BasicTypeReference@582a3b19
[DEBUG] - [main] - BasicTypeRegistry: Adding type registration byte[] -> org.hibernate.type.BasicTypeReference@582a3b19
[DEBUG] - [main] - BasicTypeRegistry: Adding type registration [B -> org.hibernate.type.BasicTypeReference@582a3b19
[DEBUG] - [main] - BasicTypeRegistry: Adding type registration binary_wrapper -> org.hibernate.type.BasicTypeReference@2b0454d2
[DEBUG] - [main] - BasicTypeRegistry: Adding type registration wrapper-binary -> org.hibernate.type.BasicTypeReference@2b0454d2
[DEBUG] - [main] - BasicTypeRegistry: Adding type registration Byte[] -> org.hibernate.type.BasicTypeReference@2b0454d2
[DEBUG] - [main] - BasicTypeRegistry: Adding type registration [Ljava.lang.Byte; -> org.hibernate.type.BasicTypeReference@2b0454d2
[DEBUG] - [main] - BasicTypeRegistry: Adding type registration image -> org.hibernate.type.BasicTypeReference@2616b618
[DEBUG] - [main] - BasicTypeRegistry: Adding type registration blob -> org.hibernate.type.BasicTypeReference@73bb573d
[DEBUG] - [main] - BasicTypeRegistry: Adding type registration java.sql.Blob -> org.hibernate.type.BasicTypeReference@73bb573d
[DEBUG] - [main] - BasicTypeRegistry: Adding type registration materialized_blob -> org.hibernate.type.BasicTypeReference@7ac058a0
[DEBUG] - [main] - BasicTypeRegistry: Adding type registration materialized_blob_wrapper -> org.hibernate.type.BasicTypeReference@736b21ee
[DEBUG] - [main] - BasicTypeRegistry: Adding type registration short -> org.hibernate.type.BasicTypeReference@60deefed
[DEBUG] - [main] - BasicTypeRegistry: Adding type registration short -> org.hibernate.type.BasicTypeReference@60deefed
[DEBUG] - [main] - BasicTypeRegistry: Adding type registration java.lang.Short -> org.hibernate.type.BasicTypeReference@60deefed
[DEBUG] - [main] - BasicTypeRegistry: Adding type registration integer -> org.hibernate.type.BasicTypeReference@49754e74
[DEBUG] - [main] - BasicTypeRegistry: Adding type registration int -> org.hibernate.type.BasicTypeReference@49754e74
[DEBUG] - [main] - BasicTypeRegistry: Adding type registration java.lang.Integer -> org.hibernate.type.BasicTypeReference@49754e74
[DEBUG] - [main] - BasicTypeRegistry: Adding type registration long -> org.hibernate.type.BasicTypeReference@31881aa2
[DEBUG] - [main] - BasicTypeRegistry: Adding type registration long -> org.hibernate.type.BasicTypeReference@31881aa2
[DEBUG] - [main] - BasicTypeRegistry: Adding type registration java.lang.Long -> org.hibernate.type.BasicTypeReference@31881aa2
[DEBUG] - [main] - BasicTypeRegistry: Adding type registration float -> org.hibernate.type.BasicTypeReference@1b46392c
[DEBUG] - [main] - BasicTypeRegistry: Adding type registration float -> org.hibernate.type.BasicTypeReference@1b46392c
[DEBUG] - [main] - BasicTypeRegistry: Adding type registration java.lang.Float -> org.hibernate.type.BasicTypeReference@1b46392c
[DEBUG] - [main] - BasicTypeRegistry: Adding type registration double -> org.hibernate.type.BasicTypeReference@cf01c2e
[DEBUG] - [main] - BasicTypeRegistry: Adding type registration double -> org.hibernate.type.BasicTypeReference@cf01c2e
[DEBUG] - [main] - BasicTypeRegistry: Adding type registration java.lang.Double -> org.hibernate.type.BasicTypeReference@cf01c2e
[DEBUG] - [main] - BasicTypeRegistry: Adding type registration big_integer -> org.hibernate.type.BasicTypeReference@6f15f52a
[DEBUG] - [main] - BasicTypeRegistry: Adding type registration java.math.BigInteger -> org.hibernate.type.BasicTypeReference@6f15f52a
[DEBUG] - [main] - BasicTypeRegistry: Adding type registration big_decimal -> org.hibernate.type.BasicTypeReference@1eb9bf60
[DEBUG] - [main] - BasicTypeRegistry: Adding type registration java.math.BigDecimal -> org.hibernate.type.BasicTypeReference@1eb9bf60
[DEBUG] - [main] - BasicTypeRegistry: Adding type registration character -> org.hibernate.type.BasicTypeReference@341c6ac2
[DEBUG] - [main] - BasicTypeRegistry: Adding type registration char -> org.hibernate.type.BasicTypeReference@341c6ac2
[DEBUG] - [main] - BasicTypeRegistry: Adding type registration java.lang.Character -> org.hibernate.type.BasicTypeReference@341c6ac2
[DEBUG] - [main] - BasicTypeRegistry: Adding type registration character_nchar -> org.hibernate.type.BasicTypeReference@38811103
[DEBUG] - [main] - BasicTypeRegistry: Adding type registration string -> org.hibernate.type.BasicTypeReference@787d1f9c
[DEBUG] - [main] - BasicTypeRegistry: Adding type registration java.lang.String -> org.hibernate.type.BasicTypeReference@787d1f9c
[DEBUG] - [main] - BasicTypeRegistry: Adding type registration nstring -> org.hibernate.type.BasicTypeReference@2becfd4c
[DEBUG] - [main] - BasicTypeRegistry: Adding type registration characters -> org.hibernate.type.BasicTypeReference@7c71c889
[DEBUG] - [main] - BasicTypeRegistry: Adding type registration char[] -> org.hibernate.type.BasicTypeReference@7c71c889
[DEBUG] - [main] - BasicTypeRegistry: Adding type registration [C -> org.hibernate.type.BasicTypeReference@7c71c889
[DEBUG] - [main] - BasicTypeRegistry: Adding type registration wrapper-characters -> org.hibernate.type.BasicTypeReference@4cc8d70d
[DEBUG] - [main] - BasicTypeRegistry: Adding type registration [Ljava.lang.Character; -> org.hibernate.type.BasicTypeReference@4cc8d70d
[DEBUG] - [main] - BasicTypeRegistry: Adding type registration Character[] -> org.hibernate.type.BasicTypeReference@4cc8d70d
[DEBUG] - [main] - BasicTypeRegistry: Adding type registration text -> org.hibernate.type.BasicTypeReference@5c59a0f7
[DEBUG] - [main] - BasicTypeRegistry: Adding type registration ntext -> org.hibernate.type.BasicTypeReference@101330ad
[DEBUG] - [main] - BasicTypeRegistry: Adding type registration clob -> org.hibernate.type.BasicTypeReference@625487a6
[DEBUG] - [main] - BasicTypeRegistry: Adding type registration java.sql.Clob -> org.hibernate.type.BasicTypeReference@625487a6
[DEBUG] - [main] - BasicTypeRegistry: Adding type registration nclob -> org.hibernate.type.BasicTypeReference@682e445e
[DEBUG] - [main] - BasicTypeRegistry: Adding type registration java.sql.NClob -> org.hibernate.type.BasicTypeReference@682e445e
[DEBUG] - [main] - BasicTypeRegistry: Adding type registration materialized_clob -> org.hibernate.type.BasicTypeReference@79e10fb4
[DEBUG] - [main] - BasicTypeRegistry: Adding type registration materialized_clob_char_array -> org.hibernate.type.BasicTypeReference@70fede7d
[DEBUG] - [main] - BasicTypeRegistry: Adding type registration materialized_clob_character_array -> org.hibernate.type.BasicTypeReference@36510e73
[DEBUG] - [main] - BasicTypeRegistry: Adding type registration materialized_nclob -> org.hibernate.type.BasicTypeReference@2c47a053
[DEBUG] - [main] - BasicTypeRegistry: Adding type registration materialized_nclob_character_array -> org.hibernate.type.BasicTypeReference@5d2a86c0
[DEBUG] - [main] - BasicTypeRegistry: Adding type registration materialized_nclob_char_array -> org.hibernate.type.BasicTypeReference@5ba1b62e
[DEBUG] - [main] - BasicTypeRegistry: Adding type registration Duration -> org.hibernate.type.BasicTypeReference@65bd19bf
[DEBUG] - [main] - BasicTypeRegistry: Adding type registration java.time.Duration -> org.hibernate.type.BasicTypeReference@65bd19bf
[DEBUG] - [main] - BasicTypeRegistry: Adding type registration LocalDateTime -> org.hibernate.type.BasicTypeReference@74697863
[DEBUG] - [main] - BasicTypeRegistry: Adding type registration java.time.LocalDateTime -> org.hibernate.type.BasicTypeReference@74697863
[DEBUG] - [main] - BasicTypeRegistry: Adding type registration LocalDate -> org.hibernate.type.BasicTypeReference@7d7ceca8
[DEBUG] - [main] - BasicTypeRegistry: Adding type registration java.time.LocalDate -> org.hibernate.type.BasicTypeReference@7d7ceca8
[DEBUG] - [main] - BasicTypeRegistry: Adding type registration LocalTime -> org.hibernate.type.BasicTypeReference@2bba35ef
[DEBUG] - [main] - BasicTypeRegistry: Adding type registration java.time.LocalTime -> org.hibernate.type.BasicTypeReference@2bba35ef
[DEBUG] - [main] - BasicTypeRegistry: Adding type registration OffsetDateTime -> org.hibernate.type.BasicTypeReference@26c7b1c6
[DEBUG] - [main] - BasicTypeRegistry: Adding type registration java.time.OffsetDateTime -> org.hibernate.type.BasicTypeReference@26c7b1c6
[DEBUG] - [main] - BasicTypeRegistry: Adding type registration OffsetDateTimeWithTimezone -> org.hibernate.type.BasicTypeReference@19526f1d
[DEBUG] - [main] - BasicTypeRegistry: Adding type registration OffsetDateTimeWithoutTimezone -> org.hibernate.type.BasicTypeReference@3d1c933
[DEBUG] - [main] - BasicTypeRegistry: Adding type registration OffsetTime -> org.hibernate.type.BasicTypeReference@79be91eb
[DEBUG] - [main] - BasicTypeRegistry: Adding type registration java.time.OffsetTime -> org.hibernate.type.BasicTypeReference@79be91eb
[DEBUG] - [main] - BasicTypeRegistry: Adding type registration ZonedDateTime -> org.hibernate.type.BasicTypeReference@626c569b
[DEBUG] - [main] - BasicTypeRegistry: Adding type registration java.time.ZonedDateTime -> org.hibernate.type.BasicTypeReference@626c569b
[DEBUG] - [main] - BasicTypeRegistry: Adding type registration ZonedDateTimeWithTimezone -> org.hibernate.type.BasicTypeReference@684ce74c
[DEBUG] - [main] - BasicTypeRegistry: Adding type registration ZonedDateTimeWithoutTimezone -> org.hibernate.type.BasicTypeReference@65593327
[DEBUG] - [main] - BasicTypeRegistry: Adding type registration date -> org.hibernate.type.BasicTypeReference@68e5c7ae
[DEBUG] - [main] - BasicTypeRegistry: Adding type registration java.sql.Date -> org.hibernate.type.BasicTypeReference@68e5c7ae
[DEBUG] - [main] - BasicTypeRegistry: Adding type registration time -> org.hibernate.type.BasicTypeReference@68bd8ca7
[DEBUG] - [main] - BasicTypeRegistry: Adding type registration java.sql.Time -> org.hibernate.type.BasicTypeReference@68bd8ca7
[DEBUG] - [main] - BasicTypeRegistry: Adding type registration timestamp -> org.hibernate.type.BasicTypeReference@6744707b
[DEBUG] - [main] - BasicTypeRegistry: Adding type registration java.sql.Timestamp -> org.hibernate.type.BasicTypeReference@6744707b
[DEBUG] - [main] - BasicTypeRegistry: Adding type registration java.util.Date -> org.hibernate.type.BasicTypeReference@6744707b
[DEBUG] - [main] - BasicTypeRegistry: Adding type registration calendar -> org.hibernate.type.BasicTypeReference@4b28a7bf
[DEBUG] - [main] - BasicTypeRegistry: Adding type registration java.util.Calendar -> org.hibernate.type.BasicTypeReference@4b28a7bf
[DEBUG] - [main] - BasicTypeRegistry: Adding type registration java.util.GregorianCalendar -> org.hibernate.type.BasicTypeReference@4b28a7bf
[DEBUG] - [main] - BasicTypeRegistry: Adding type registration calendar_date -> org.hibernate.type.BasicTypeReference@d36c1c3
[DEBUG] - [main] - BasicTypeRegistry: Adding type registration calendar_time -> org.hibernate.type.BasicTypeReference@96abc76
[DEBUG] - [main] - BasicTypeRegistry: Adding type registration instant -> org.hibernate.type.BasicTypeReference@4d69d288
[DEBUG] - [main] - BasicTypeRegistry: Adding type registration java.time.Instant -> org.hibernate.type.BasicTypeReference@4d69d288
[DEBUG] - [main] - BasicTypeRegistry: Adding type registration uuid -> org.hibernate.type.BasicTypeReference@437281c5
[DEBUG] - [main] - BasicTypeRegistry: Adding type registration java.util.UUID -> org.hibernate.type.BasicTypeReference@437281c5
[DEBUG] - [main] - BasicTypeRegistry: Adding type registration pg-uuid -> org.hibernate.type.BasicTypeReference@437281c5
[DEBUG] - [main] - BasicTypeRegistry: Adding type registration uuid-binary -> org.hibernate.type.BasicTypeReference@787178b1
[DEBUG] - [main] - BasicTypeRegistry: Adding type registration uuid-char -> org.hibernate.type.BasicTypeReference@24a4e2c5
[DEBUG] - [main] - BasicTypeRegistry: Adding type registration class -> org.hibernate.type.BasicTypeReference@27da994b
[DEBUG] - [main] - BasicTypeRegistry: Adding type registration java.lang.Class -> org.hibernate.type.BasicTypeReference@27da994b
[DEBUG] - [main] - BasicTypeRegistry: Adding type registration currency -> org.hibernate.type.BasicTypeReference@70f148dc
[DEBUG] - [main] - BasicTypeRegistry: Adding type registration Currency -> org.hibernate.type.BasicTypeReference@70f148dc
[DEBUG] - [main] - BasicTypeRegistry: Adding type registration java.util.Currency -> org.hibernate.type.BasicTypeReference@70f148dc
[DEBUG] - [main] - BasicTypeRegistry: Adding type registration locale -> org.hibernate.type.BasicTypeReference@3360283
[DEBUG] - [main] - BasicTypeRegistry: Adding type registration java.util.Locale -> org.hibernate.type.BasicTypeReference@3360283
[DEBUG] - [main] - BasicTypeRegistry: Adding type registration serializable -> org.hibernate.type.BasicTypeReference@77aea
[DEBUG] - [main] - BasicTypeRegistry: Adding type registration java.io.Serializable -> org.hibernate.type.BasicTypeReference@77aea
[DEBUG] - [main] - BasicTypeRegistry: Adding type registration timezone -> org.hibernate.type.BasicTypeReference@73e4bb60
[DEBUG] - [main] - BasicTypeRegistry: Adding type registration java.util.TimeZone -> org.hibernate.type.BasicTypeReference@73e4bb60
[DEBUG] - [main] - BasicTypeRegistry: Adding type registration ZoneOffset -> org.hibernate.type.BasicTypeReference@9a9aa68
[DEBUG] - [main] - BasicTypeRegistry: Adding type registration java.time.ZoneOffset -> org.hibernate.type.BasicTypeReference@9a9aa68
[DEBUG] - [main] - BasicTypeRegistry: Adding type registration url -> org.hibernate.type.BasicTypeReference@3a3883c4
[DEBUG] - [main] - BasicTypeRegistry: Adding type registration java.net.URL -> org.hibernate.type.BasicTypeReference@3a3883c4
[DEBUG] - [main] - BasicTypeRegistry: Adding type registration row_version -> org.hibernate.type.BasicTypeReference@1537e43
[DEBUG] - [main] - BasicTypeRegistry: Adding type registration dbtimestamp -> org.hibernate.type.DbTimestampType@2f15a964
[DEBUG] - [main] - BasicTypeRegistry: Adding type registration dbtimestamp -> org.hibernate.type.DbTimestampType@2f15a964
[DEBUG] - [main] - BasicTypeRegistry: Adding type registration object -> org.hibernate.type.JavaObjectType@5f193335
[DEBUG] - [main] - BasicTypeRegistry: Adding type registration java.lang.Object -> org.hibernate.type.JavaObjectType@5f193335
[DEBUG] - [main] - BasicTypeRegistry: Adding type registration null -> org.hibernate.type.NullType@4c176ff1
[DEBUG] - [main] - BasicTypeRegistry: Adding type registration imm_date -> org.hibernate.type.BasicTypeReference@27c53c32
[DEBUG] - [main] - BasicTypeRegistry: Adding type registration imm_time -> org.hibernate.type.BasicTypeReference@68aec50
[DEBUG] - [main] - BasicTypeRegistry: Adding type registration imm_timestamp -> org.hibernate.type.BasicTypeReference@6aff97d6
[DEBUG] - [main] - BasicTypeRegistry: Adding type registration imm_calendar -> org.hibernate.type.BasicTypeReference@1d60059f
[DEBUG] - [main] - BasicTypeRegistry: Adding type registration imm_calendar_date -> org.hibernate.type.BasicTypeReference@134a8ead
[DEBUG] - [main] - BasicTypeRegistry: Adding type registration imm_calendar_time -> org.hibernate.type.BasicTypeReference@427308f8
[DEBUG] - [main] - BasicTypeRegistry: Adding type registration imm_binary -> org.hibernate.type.BasicTypeReference@54247647
[DEBUG] - [main] - BasicTypeRegistry: Adding type registration imm_serializable -> org.hibernate.type.BasicTypeReference@4975dda1
[DEBUG] - [main] - BootstrapContextImpl: Injecting JPA temp ClassLoader [org.springframework.instrument.classloading.SimpleThrowawayClassLoader@b506ed0] into BootstrapContext; was [null]
[DEBUG] - [main] - ClassLoaderAccessImpl: ClassLoaderAccessImpl#injectTempClassLoader(org.springframework.instrument.classloading.SimpleThrowawayClassLoader@b506ed0) [was null]
[DEBUG] - [main] - BootstrapContextImpl: Injecting ScanEnvironment [org.hibernate.jpa.boot.internal.StandardJpaScanEnvironmentImpl@5aea8994] into BootstrapContext; was [null]
[DEBUG] - [main] - BootstrapContextImpl: Injecting ScanOptions [org.hibernate.boot.archive.scan.internal.StandardScanOptions@20a3e10c] into BootstrapContext; was [org.hibernate.boot.archive.scan.internal.StandardScanOptions@426c0486]
[DEBUG] - [main] - BootstrapContextImpl: Injecting JPA temp ClassLoader [null] into BootstrapContext; was [org.springframework.instrument.classloading.SimpleThrowawayClassLoader@b506ed0]
[DEBUG] - [main] - ClassLoaderAccessImpl: ClassLoaderAccessImpl#injectTempClassLoader(null) [was org.springframework.instrument.classloading.SimpleThrowawayClassLoader@b506ed0]
[DEBUG] - [main] - HikariConfig: HikariPool-1 - configuration:
[DEBUG] - [main] - HikariConfig: allowPoolSuspension.............false
[DEBUG] - [main] - HikariConfig: autoCommit......................true
[DEBUG] - [main] - HikariConfig: catalog.........................none
[DEBUG] - [main] - HikariConfig: connectionInitSql...............none
[DEBUG] - [main] - HikariConfig: connectionTestQuery.............none
[DEBUG] - [main] - HikariConfig: connectionTimeout...............30000
[DEBUG] - [main] - HikariConfig: dataSource......................none
[DEBUG] - [main] - HikariConfig: dataSourceClassName.............none
[DEBUG] - [main] - HikariConfig: dataSourceJNDI..................none
[DEBUG] - [main] - HikariConfig: dataSourceProperties............{password=<masked>}
[DEBUG] - [main] - HikariConfig: driverClassName................."com.mysql.cj.jdbc.Driver"
[DEBUG] - [main] - HikariConfig: exceptionOverrideClassName......none
[DEBUG] - [main] - HikariConfig: healthCheckProperties...........{}
[DEBUG] - [main] - HikariConfig: healthCheckRegistry.............none
[DEBUG] - [main] - HikariConfig: idleTimeout.....................600000
[DEBUG] - [main] - HikariConfig: initializationFailTimeout.......1
[DEBUG] - [main] - HikariConfig: isolateInternalQueries..........false
[DEBUG] - [main] - HikariConfig: jdbcUrl.........................jdbc:mysql://localhost:3307/edificio?createDatabaseIfNotExist=true&useUnicode=true&useJDBCCompliantTimezoneShift=true&useLegacyDatetimeCode=false&serverTimezone=UTC
[DEBUG] - [main] - HikariConfig: keepaliveTime...................0
[DEBUG] - [main] - HikariConfig: leakDetectionThreshold..........0
[DEBUG] - [main] - HikariConfig: maxLifetime.....................1800000
[DEBUG] - [main] - HikariConfig: maximumPoolSize.................10
[DEBUG] - [main] - HikariConfig: metricRegistry..................none
[DEBUG] - [main] - HikariConfig: metricsTrackerFactory...........none
[DEBUG] - [main] - HikariConfig: minimumIdle.....................10
[DEBUG] - [main] - HikariConfig: password........................<masked>
[DEBUG] - [main] - HikariConfig: poolName........................"HikariPool-1"
[DEBUG] - [main] - HikariConfig: readOnly........................false
[DEBUG] - [main] - HikariConfig: registerMbeans..................false
[DEBUG] - [main] - HikariConfig: scheduledExecutor...............none
[DEBUG] - [main] - HikariConfig: schema..........................none
[DEBUG] - [main] - HikariConfig: threadFactory...................internal
[DEBUG] - [main] - HikariConfig: transactionIsolation............default
[DEBUG] - [main] - HikariConfig: username........................"root"
[DEBUG] - [main] - HikariConfig: validationTimeout...............5000
[INFO ] - [main] - HikariDataSource: HikariPool-1 - Starting...
[INFO ] - [main] - HikariPool: HikariPool-1 - Added connection com.mysql.cj.jdbc.ConnectionImpl@a84338a
[INFO ] - [main] - HikariDataSource: HikariPool-1 - Start completed.
[DEBUG] - [main] - JdbcEnvironmentInitiator: Database ->
       name : MySQL
    version : 8.0.18
      major : 8
      minor : 0
[DEBUG] - [main] - JdbcEnvironmentInitiator: Driver ->
       name : MySQL Connector/J
    version : mysql-connector-j-8.0.31 (Revision: 0c86fc148d567b62266c2302bdad0f1e7a7e4eba)
      major : 8
      minor : 0
[DEBUG] - [main] - JdbcEnvironmentInitiator: JDBC version : 4.2
[INFO ] - [main] - SQL dialect: HHH000400: Using dialect: org.hibernate.dialect.MySQL5Dialect
[WARN ] - [main] - deprecation: HHH90000026: MySQL5Dialect has been deprecated; use org.hibernate.dialect.MySQLDialect instead
[DEBUG] - [main] - IdentifierHelperBuilder: JDBC driver metadata reported database stores quoted identifiers in more than one case
[DEBUG] - [main] - IdentifierHelperBuilder: IdentifierCaseStrategy for both quoted and unquoted identifiers was set to the same strategy [LOWER]; that will likely lead to problems in schema update and validation if using quoted identifiers
[DEBUG] - [HikariPool-1 housekeeper] - HikariPool: HikariPool-1 - Pool stats (total=1, active=1, idle=0, waiting=0)
[DEBUG] - [main] - DdlTypeRegistry: addDescriptor(12, org.hibernate.type.descriptor.sql.internal.CapacityDependentDdlType@3e4afd10) replaced previous registration(org.hibernate.type.descriptor.sql.internal.CapacityDependentDdlType@22aefae0)
[DEBUG] - [main] - DdlTypeRegistry: addDescriptor(-9, org.hibernate.type.descriptor.sql.internal.CapacityDependentDdlType@20faaf77) replaced previous registration(org.hibernate.type.descriptor.sql.internal.CapacityDependentDdlType@7440265c)
[DEBUG] - [main] - DdlTypeRegistry: addDescriptor(-3, org.hibernate.type.descriptor.sql.internal.CapacityDependentDdlType@1d8be7b9) replaced previous registration(org.hibernate.type.descriptor.sql.internal.CapacityDependentDdlType@48277712)
[DEBUG] - [main] - DdlTypeRegistry: addDescriptor(4003, org.hibernate.type.descriptor.sql.internal.DdlTypeImpl@3d53e876) replaced previous registration(org.hibernate.type.descriptor.sql.internal.DdlTypeImpl@48d44b46)
[DEBUG] - [main] - DdlTypeRegistry: addDescriptor(4001, org.hibernate.type.descriptor.sql.internal.DdlTypeImpl@aa0dbca) replaced previous registration(org.hibernate.type.descriptor.sql.internal.DdlTypeImpl@794cb26b)
[DEBUG] - [main] - DdlTypeRegistry: addDescriptor(4002, org.hibernate.type.descriptor.sql.internal.DdlTypeImpl@5b7ee56c) replaced previous registration(org.hibernate.type.descriptor.sql.internal.DdlTypeImpl@311a0b3e)
[DEBUG] - [main] - DdlTypeRegistry: addDescriptor(2004, org.hibernate.type.descriptor.sql.internal.CapacityDependentDdlType@3de8f85c) replaced previous registration(org.hibernate.type.descriptor.sql.internal.DdlTypeImpl@21abda60)
[DEBUG] - [main] - DdlTypeRegistry: addDescriptor(2005, org.hibernate.type.descriptor.sql.internal.CapacityDependentDdlType@dd20ebc) replaced previous registration(org.hibernate.type.descriptor.sql.internal.DdlTypeImpl@6c70b7c3)
[DEBUG] - [main] - DdlTypeRegistry: addDescriptor(2011, org.hibernate.type.descriptor.sql.internal.CapacityDependentDdlType@16a09809) replaced previous registration(org.hibernate.type.descriptor.sql.internal.DdlTypeImpl@69a73867)
[DEBUG] - [main] - JdbcTypeRegistry: addDescriptor(NCharTypeDescriptor) replaced previous registration(CharTypeDescriptor)
[DEBUG] - [main] - JdbcTypeRegistry: addDescriptor(NVarcharTypeDescriptor) replaced previous registration(VarcharTypeDescriptor)
[DEBUG] - [main] - JdbcTypeRegistry: addDescriptor(LongNVarcharTypeDescriptor) replaced previous registration(LongVarcharTypeDescriptor)
[DEBUG] - [HikariPool-1 connection adder] - HikariPool: HikariPool-1 - Added connection com.mysql.cj.jdbc.ConnectionImpl@3750ac9a
[DEBUG] - [main] - JdbcTypeRegistry: addDescriptor(NClobTypeDescriptor(DEFAULT)) replaced previous registration(ClobTypeDescriptor(DEFAULT))
[DEBUG] - [main] - JdbcTypeRegistry: addDescriptor(2005, ClobTypeDescriptor(STREAM_BINDING)) replaced previous registration(ClobTypeDescriptor(DEFAULT))
[DEBUG] - [main] - BasicTypeRegistry: Adding type registration null -> org.hibernate.type.NullType@393ae7a0
[DEBUG] - [main] - BasicTypeRegistry: Type registration key [null] overrode previous entry : `org.hibernate.type.NullType@4c176ff1`
[DEBUG] - [main] - BasicTypeRegistry: Adding type registration org.hibernate.type.OffsetDateTimeType -> basicType@1(java.time.OffsetDateTime,93)
[DEBUG] - [main] - BasicTypeRegistry: Adding type registration OffsetDateTime -> basicType@1(java.time.OffsetDateTime,93)
[DEBUG] - [main] - BasicTypeRegistry: Adding type registration java.time.OffsetDateTime -> basicType@1(java.time.OffsetDateTime,93)
[DEBUG] - [main] - BasicTypeRegistry: Adding type registration org.hibernate.type.ZonedDateTimeType -> basicType@2(java.time.ZonedDateTime,93)
[DEBUG] - [main] - BasicTypeRegistry: Adding type registration ZonedDateTime -> basicType@2(java.time.ZonedDateTime,93)
[DEBUG] - [main] - BasicTypeRegistry: Adding type registration java.time.ZonedDateTime -> basicType@2(java.time.ZonedDateTime,93)
[DEBUG] - [main] - TypeConfiguration$Scope: Scoping TypeConfiguration [org.hibernate.type.spi.TypeConfiguration@3982206a] to MetadataBuildingContext [org.hibernate.boot.internal.MetadataBuildingContextRootImpl@3e9fb485]
[DEBUG] - [HikariPool-1 connection adder] - HikariPool: HikariPool-1 - Added connection com.mysql.cj.jdbc.ConnectionImpl@6ad3c61
[DEBUG] - [HikariPool-1 connection adder] - HikariPool: HikariPool-1 - Added connection com.mysql.cj.jdbc.ConnectionImpl@531555eb
[DEBUG] - [main] - Namespace: Created database namespace [logicalName=Name{catalog=null, schema=null}, physicalName=Name{catalog=null, schema=null}]
[DEBUG] - [HikariPool-1 connection adder] - HikariPool: HikariPool-1 - Added connection com.mysql.cj.jdbc.ConnectionImpl@53316803
[DEBUG] - [main] - EntityBinder: Binding entity from annotated class: com.Nttadta.nttdatacentersspringt1SLA.repository.Flat
[DEBUG] - [HikariPool-1 connection adder] - HikariPool: HikariPool-1 - Added connection com.mysql.cj.jdbc.ConnectionImpl@371ad198
[DEBUG] - [main] - AnnotatedColumn: Binding column: DiscriminatorColumn{logicalColumnName'DTYPE', discriminatorTypeName='string'}
[DEBUG] - [main] - EntityBinder: Import with entity name Flat
[DEBUG] - [HikariPool-1 connection adder] - HikariPool: HikariPool-1 - Added connection com.mysql.cj.jdbc.ConnectionImpl@7a343dc4
[DEBUG] - [main] - EntityBinder: Bind entity com.Nttadta.nttdatacentersspringt1SLA.repository.Flat on table flat
[DEBUG] - [HikariPool-1 connection adder] - HikariPool: HikariPool-1 - Added connection com.mysql.cj.jdbc.ConnectionImpl@ef255cc
[DEBUG] - [main] - AnnotatedColumn: Binding column: Column{table=Table(flat), mappingColumn=flat_number, insertable=true, updatable=true, unique=false}
[DEBUG] - [main] - ClassLoaderAccessImpl: Not known whether passed class name [com.Nttadta.nttdatacentersspringt1SLA.repository.Flat] is safe
[DEBUG] - [main] - ClassLoaderAccessImpl: No temp ClassLoader provided; using live ClassLoader for loading potentially unsafe class : com.Nttadta.nttdatacentersspringt1SLA.repository.Flat
[DEBUG] - [HikariPool-1 connection adder] - HikariPool: HikariPool-1 - Added connection com.mysql.cj.jdbc.ConnectionImpl@539b2bce
[DEBUG] - [main] - PropertyBinder: MetadataSourceProcessor property flatNumber with lazy=false
[DEBUG] - [main] - AbstractPropertyHolder: Attempting to locate auto-apply AttributeConverter for property [com.Nttadta.nttdatacentersspringt1SLA.repository.Flat:flatNumber]
[DEBUG] - [main] - BasicValueBinder: building BasicValue for flatNumber
[DEBUG] - [main] - BasicValue: Skipping column re-registration: flat.flat_number
[DEBUG] - [main] - PropertyBinder: Building property flatNumber
[DEBUG] - [HikariPool-1 connection adder] - HikariPool: HikariPool-1 - Added connection com.mysql.cj.jdbc.ConnectionImpl@6a42d73
[DEBUG] - [main] - BinderHelper: #makeIdGenerator(BasicValue([Column(flat_number)]), flatNumber, org.hibernate.id.enhanced.SequenceStyleGenerator, , ...)
[DEBUG] - [main] - AnnotatedColumn: Binding column: JoinColumn{logicalColumnName='Floor-Number', referencedColumn='', mappedBy=''}
[DEBUG] - [main] - AnnotatedColumn: Binding column: Column{table=Table(flat), mappingColumn=floor, insertable=true, updatable=true, unique=false}
[DEBUG] - [HikariPool-1 connection adder] - HikariPool: HikariPool-1 - After adding stats (total=10, active=0, idle=10, waiting=0)
[DEBUG] - [main] - PropertyBinder: Building property floor
[DEBUG] - [main] - AnnotatedColumn: Binding column: JoinColumn{logicalColumnName='null', referencedColumn='null', mappedBy='flat'}
[DEBUG] - [main] - AnnotatedColumn: Binding column: Column{table=Table(flat), mappingColumn=habitants, insertable=true, updatable=true, unique=false}
[DEBUG] - [main] - AnnotatedColumn: Binding column: Column{table=Table(flat), mappingColumn=habitants_order, insertable=true, updatable=true, unique=false}
[DEBUG] - [main] - AnnotatedColumn: Binding column: Column{table=Table(flat), mappingColumn=element, insertable=true, updatable=true, unique=false}
[DEBUG] - [main] - AnnotatedColumn: Binding column: Column{table=Table(flat), mappingColumn=habitants_key, insertable=true, updatable=true, unique=false}
[DEBUG] - [main] - AnnotatedColumn: Binding column: JoinColumn{logicalColumnName='habitants_KEY', referencedColumn='null', mappedBy='null'}
[DEBUG] - [main] - AnnotatedColumn: Binding column: JoinColumn{logicalColumnName='null', referencedColumn='null', mappedBy='flat'}
[DEBUG] - [main] - AnnotatedColumn: Binding column: JoinColumn{logicalColumnName='null', referencedColumn='null', mappedBy='flat'}
[DEBUG] - [main] - CollectionBinder: Collection role: com.Nttadta.nttdatacentersspringt1SLA.repository.Flat.habitants
[DEBUG] - [main] - PropertyBinder: Building property habitants
[DEBUG] - [main] - EntityBinder: Binding entity from annotated class: com.Nttadta.nttdatacentersspringt1SLA.repository.Floor
[DEBUG] - [main] - AnnotatedColumn: Binding column: DiscriminatorColumn{logicalColumnName'DTYPE', discriminatorTypeName='string'}
[DEBUG] - [main] - EntityBinder: Import with entity name Floor
[DEBUG] - [main] - EntityBinder: Bind entity com.Nttadta.nttdatacentersspringt1SLA.repository.Floor on table floor
[DEBUG] - [main] - AnnotatedColumn: Binding column: Column{table=Table(floor), mappingColumn=floor_number, insertable=true, updatable=true, unique=false}
[DEBUG] - [main] - ClassLoaderAccessImpl: Not known whether passed class name [com.Nttadta.nttdatacentersspringt1SLA.repository.Floor] is safe
[DEBUG] - [main] - ClassLoaderAccessImpl: No temp ClassLoader provided; using live ClassLoader for loading potentially unsafe class : com.Nttadta.nttdatacentersspringt1SLA.repository.Floor
[DEBUG] - [main] - PropertyBinder: MetadataSourceProcessor property floorNumber with lazy=false
[DEBUG] - [main] - AbstractPropertyHolder: Attempting to locate auto-apply AttributeConverter for property [com.Nttadta.nttdatacentersspringt1SLA.repository.Floor:floorNumber]
[DEBUG] - [main] - BasicValueBinder: building BasicValue for floorNumber
[DEBUG] - [main] - BasicValue: Skipping column re-registration: floor.floor_number
[DEBUG] - [main] - PropertyBinder: Building property floorNumber
[DEBUG] - [main] - BinderHelper: #makeIdGenerator(BasicValue([Column(floor_number)]), floorNumber, org.hibernate.id.enhanced.SequenceStyleGenerator, , ...)
[DEBUG] - [main] - AnnotatedColumn: Binding column: Column{table=Table(floor), mappingColumn=buzon, insertable=true, updatable=true, unique=false}
[DEBUG] - [main] - PropertyBinder: MetadataSourceProcessor property buzon with lazy=false
[DEBUG] - [main] - AbstractPropertyHolder: Attempting to locate auto-apply AttributeConverter for property [com.Nttadta.nttdatacentersspringt1SLA.repository.Floor:buzon]
[DEBUG] - [main] - BasicValueBinder: building BasicValue for buzon
[DEBUG] - [main] - BasicValue: Skipping column re-registration: floor.buzon
[DEBUG] - [main] - PropertyBinder: Building property buzon
[DEBUG] - [main] - AnnotatedColumn: Binding column: JoinColumn{logicalColumnName='null', referencedColumn='null', mappedBy='floor'}
[DEBUG] - [main] - AnnotatedColumn: Binding column: Column{table=Table(floor), mappingColumn=flat, insertable=true, updatable=true, unique=false}
[DEBUG] - [main] - AnnotatedColumn: Binding column: Column{table=Table(floor), mappingColumn=flat_order, insertable=true, updatable=true, unique=false}
[DEBUG] - [main] - AnnotatedColumn: Binding column: Column{table=Table(floor), mappingColumn=element, insertable=true, updatable=true, unique=false}
[DEBUG] - [main] - AnnotatedColumn: Binding column: Column{table=Table(floor), mappingColumn=flat_key, insertable=true, updatable=true, unique=false}
[DEBUG] - [main] - AnnotatedColumn: Binding column: JoinColumn{logicalColumnName='flat_KEY', referencedColumn='null', mappedBy='null'}
[DEBUG] - [main] - AnnotatedColumn: Binding column: JoinColumn{logicalColumnName='null', referencedColumn='null', mappedBy='floor'}
[DEBUG] - [main] - AnnotatedColumn: Binding column: JoinColumn{logicalColumnName='null', referencedColumn='null', mappedBy='floor'}
[DEBUG] - [main] - CollectionBinder: Collection role: com.Nttadta.nttdatacentersspringt1SLA.repository.Floor.flat
[DEBUG] - [main] - PropertyBinder: Building property flat
[DEBUG] - [main] - EntityBinder: Binding entity from annotated class: com.Nttadta.nttdatacentersspringt1SLA.repository.Person
[DEBUG] - [main] - AnnotatedColumn: Binding column: DiscriminatorColumn{logicalColumnName'DTYPE', discriminatorTypeName='string'}
[DEBUG] - [main] - EntityBinder: Import with entity name Person
[DEBUG] - [main] - EntityBinder: Bind entity com.Nttadta.nttdatacentersspringt1SLA.repository.Person on table person
[DEBUG] - [main] - AnnotatedColumn: Binding column: Column{table=Table(person), mappingColumn=id, insertable=true, updatable=true, unique=false}
[DEBUG] - [main] - ClassLoaderAccessImpl: Not known whether passed class name [com.Nttadta.nttdatacentersspringt1SLA.repository.Person] is safe
[DEBUG] - [main] - ClassLoaderAccessImpl: No temp ClassLoader provided; using live ClassLoader for loading potentially unsafe class : com.Nttadta.nttdatacentersspringt1SLA.repository.Person
[DEBUG] - [main] - PropertyBinder: MetadataSourceProcessor property id with lazy=false
[DEBUG] - [main] - AbstractPropertyHolder: Attempting to locate auto-apply AttributeConverter for property [com.Nttadta.nttdatacentersspringt1SLA.repository.Person:id]
[DEBUG] - [main] - BasicValueBinder: building BasicValue for id
[DEBUG] - [main] - BasicValue: Skipping column re-registration: person.id
[DEBUG] - [main] - PropertyBinder: Building property id
[DEBUG] - [main] - BinderHelper: #makeIdGenerator(BasicValue([Column(id)]), id, org.hibernate.id.enhanced.SequenceStyleGenerator, , ...)
[DEBUG] - [main] - AnnotatedColumn: Binding column: Column{table=Table(person), mappingColumn=dni, insertable=true, updatable=true, unique=false}
[DEBUG] - [main] - PropertyBinder: MetadataSourceProcessor property dni with lazy=false
[DEBUG] - [main] - AbstractPropertyHolder: Attempting to locate auto-apply AttributeConverter for property [com.Nttadta.nttdatacentersspringt1SLA.repository.Person:dni]
[DEBUG] - [main] - BasicValueBinder: building BasicValue for dni
[DEBUG] - [main] - BasicValue: Skipping column re-registration: person.dni
[DEBUG] - [main] - PropertyBinder: Building property dni
[DEBUG] - [main] - AnnotatedColumn: Binding column: JoinColumn{logicalColumnName='Flat-Number', referencedColumn='', mappedBy=''}
[DEBUG] - [main] - AnnotatedColumn: Binding column: Column{table=Table(person), mappingColumn=flat, insertable=true, updatable=true, unique=false}
[DEBUG] - [main] - PropertyBinder: Building property flat
[DEBUG] - [main] - AnnotatedColumn: Binding column: Column{table=Table(person), mappingColumn=name, insertable=true, updatable=true, unique=false}
[DEBUG] - [main] - PropertyBinder: MetadataSourceProcessor property name with lazy=false
[DEBUG] - [main] - AbstractPropertyHolder: Attempting to locate auto-apply AttributeConverter for property [com.Nttadta.nttdatacentersspringt1SLA.repository.Person:name]
[DEBUG] - [main] - BasicValueBinder: building BasicValue for name
[DEBUG] - [main] - BasicValue: Skipping column re-registration: person.name
[DEBUG] - [main] - PropertyBinder: Building property name
[DEBUG] - [main] - AnnotatedColumn: Binding column: Column{table=Table(person), mappingColumn=surname, insertable=true, updatable=true, unique=false}
[DEBUG] - [main] - PropertyBinder: MetadataSourceProcessor property surname with lazy=false
[DEBUG] - [main] - AbstractPropertyHolder: Attempting to locate auto-apply AttributeConverter for property [com.Nttadta.nttdatacentersspringt1SLA.repository.Person:surname]
[DEBUG] - [main] - BasicValueBinder: building BasicValue for surname
[DEBUG] - [main] - BasicValue: Skipping column re-registration: person.surname
[DEBUG] - [main] - PropertyBinder: Building property surname
[DEBUG] - [main] - BasicValueBinder: Starting `BasicValueBinder#fillSimpleValue` for flatNumber
[DEBUG] - [main] - BasicValueBinder: Starting `BasicValueBinder#fillSimpleValue` for floorNumber
[DEBUG] - [main] - BasicValueBinder: Starting `BasicValueBinder#fillSimpleValue` for buzon
[DEBUG] - [main] - BasicValueBinder: Starting `BasicValueBinder#fillSimpleValue` for id
[DEBUG] - [main] - BasicValueBinder: Starting `BasicValueBinder#fillSimpleValue` for dni
[DEBUG] - [main] - BasicValueBinder: Starting `BasicValueBinder#fillSimpleValue` for name
[DEBUG] - [main] - BasicValueBinder: Starting `BasicValueBinder#fillSimpleValue` for surname
[DEBUG] - [main] - PrimaryKey: Forcing column [flat_number] to be non-null as it is part of the primary key for table [flat]
[DEBUG] - [main] - PrimaryKey: Forcing column [floor_number] to be non-null as it is part of the primary key for table [floor]
[DEBUG] - [main] - PrimaryKey: Forcing column [id] to be non-null as it is part of the primary key for table [person]
[DEBUG] - [main] - CollectionSecondPass: Second pass for collection: com.Nttadta.nttdatacentersspringt1SLA.repository.Flat.habitants
[DEBUG] - [main] - CollectionBinder: Binding a OneToMany: com.Nttadta.nttdatacentersspringt1SLA.repository.Flat.habitants through a foreign key
[DEBUG] - [main] - CollectionBinder: Mapping collection: com.Nttadta.nttdatacentersspringt1SLA.repository.Flat.habitants -> person
[DEBUG] - [main] - TableBinder: Retrieving property com.Nttadta.nttdatacentersspringt1SLA.repository.Person.flat
[DEBUG] - [main] - CollectionSecondPass: Mapped collection key: flat-number, one-to-many: com.Nttadta.nttdatacentersspringt1SLA.repository.Person
[DEBUG] - [main] - CollectionSecondPass: Second pass for collection: com.Nttadta.nttdatacentersspringt1SLA.repository.Floor.flat
[DEBUG] - [main] - CollectionBinder: Binding a OneToMany: com.Nttadta.nttdatacentersspringt1SLA.repository.Floor.flat through a foreign key
[DEBUG] - [main] - CollectionBinder: Mapping collection: com.Nttadta.nttdatacentersspringt1SLA.repository.Floor.flat -> flat
[DEBUG] - [main] - TableBinder: Retrieving property com.Nttadta.nttdatacentersspringt1SLA.repository.Flat.floor
[DEBUG] - [main] - CollectionSecondPass: Mapped collection key: floor-number, one-to-many: com.Nttadta.nttdatacentersspringt1SLA.repository.Flat
[DEBUG] - [main] - InFlightMetadataCollectorImpl: Resolving reference to class: com.Nttadta.nttdatacentersspringt1SLA.repository.Floor
[DEBUG] - [main] - InFlightMetadataCollectorImpl: Resolving reference to class: com.Nttadta.nttdatacentersspringt1SLA.repository.Flat
[DEBUG] - [main] - InFlightMetadataCollectorImpl: Resolving reference to class: com.Nttadta.nttdatacentersspringt1SLA.repository.Floor
[DEBUG] - [main] - InFlightMetadataCollectorImpl: Resolving reference to class: com.Nttadta.nttdatacentersspringt1SLA.repository.Flat
[DEBUG] - [main] - SessionFactoryImpl: Building session factory
[DEBUG] - [main] - SessionFactoryServiceRegistryImpl: EventListenerRegistry access via ServiceRegistry is deprecated.  Use `sessionFactory.getEventEngine().getListenerRegistry()` instead
[DEBUG] - [main] - SessionFactoryImpl: Session factory constructed with filter configurations : {}
[DEBUG] - [main] - SessionFactoryImpl: Instantiating session factory with properties: {hibernate.format_sql=true, java.specification.version=17, sun.cpu.isalist=amd64, hibernate.resource.beans.container=org.springframework.orm.hibernate5.SpringBeanContainer@252d8df6, hibernate.connection.handling_mode=DELAYED_ACQUISITION_AND_HOLD, sun.jnu.encoding=Cp1252, hibernate.dialect=org.hibernate.dialect.MySQL5Dialect, hibernate.implicit_naming_strategy=org.springframework.boot.orm.jpa.hibernate.SpringImplicitNamingStrategy, java.class.path=C:\Users\Solid Lizard\OneDrive\Escritorio\nttdatacenters-spring-t1-SLA\target\test-classes;C:\Users\Solid Lizard\OneDrive\Escritorio\nttdatacenters-spring-t1-SLA\target\classes;C:\Users\Solid Lizard\.m2\repository\org\springframework\boot\spring-boot-starter-thymeleaf\3.0.0\spring-boot-starter-thymeleaf-3.0.0.jar;C:\Users\Solid Lizard\.m2\repository\org\springframework\boot\spring-boot-starter\3.0.0\spring-boot-starter-3.0.0.jar;C:\Users\Solid Lizard\.m2\repository\org\springframework\boot\spring-boot-starter-logging\3.0.0\spring-boot-starter-logging-3.0.0.jar;C:\Users\Solid Lizard\.m2\repository\ch\qos\logback\logback-classic\1.4.5\logback-classic-1.4.5.jar;C:\Users\Solid Lizard\.m2\repository\ch\qos\logback\logback-core\1.4.5\logback-core-1.4.5.jar;C:\Users\Solid Lizard\.m2\repository\org\apache\logging\log4j\log4j-to-slf4j\2.19.0\log4j-to-slf4j-2.19.0.jar;C:\Users\Solid Lizard\.m2\repository\org\apache\logging\log4j\log4j-api\2.19.0\log4j-api-2.19.0.jar;C:\Users\Solid Lizard\.m2\repository\org\slf4j\jul-to-slf4j\2.0.4\jul-to-slf4j-2.0.4.jar;C:\Users\Solid Lizard\.m2\repository\org\yaml\snakeyaml\1.33\snakeyaml-1.33.jar;C:\Users\Solid Lizard\.m2\repository\org\thymeleaf\thymeleaf-spring6\3.1.0.RELEASE\thymeleaf-spring6-3.1.0.RELEASE.jar;C:\Users\Solid Lizard\.m2\repository\org\thymeleaf\thymeleaf\3.1.0.RELEASE\thymeleaf-3.1.0.RELEASE.jar;C:\Users\Solid Lizard\.m2\repository\org\attoparser\attoparser\2.0.6.RELEASE\attoparser-2.0.6.RELEASE.jar;C:\Users\Solid Lizard\.m2\repository\org\unbescape\unbescape\1.1.6.RELEASE\unbescape-1.1.6.RELEASE.jar;C:\Users\Solid Lizard\.m2\repository\org\slf4j\slf4j-api\2.0.4\slf4j-api-2.0.4.jar;C:\Users\Solid Lizard\.m2\repository\org\springframework\boot\spring-boot-starter-web\3.0.0\spring-boot-starter-web-3.0.0.jar;C:\Users\Solid Lizard\.m2\repository\org\springframework\boot\spring-boot-starter-json\3.0.0\spring-boot-starter-json-3.0.0.jar;C:\Users\Solid Lizard\.m2\repository\com\fasterxml\jackson\core\jackson-databind\2.14.1\jackson-databind-2.14.1.jar;C:\Users\Solid Lizard\.m2\repository\com\fasterxml\jackson\core\jackson-annotations\2.14.1\jackson-annotations-2.14.1.jar;C:\Users\Solid Lizard\.m2\repository\com\fasterxml\jackson\core\jackson-core\2.14.1\jackson-core-2.14.1.jar;C:\Users\Solid Lizard\.m2\repository\com\fasterxml\jackson\datatype\jackson-datatype-jdk8\2.14.1\jackson-datatype-jdk8-2.14.1.jar;C:\Users\Solid Lizard\.m2\repository\com\fasterxml\jackson\datatype\jackson-datatype-jsr310\2.14.1\jackson-datatype-jsr310-2.14.1.jar;C:\Users\Solid Lizard\.m2\repository\com\fasterxml\jackson\module\jackson-module-parameter-names\2.14.1\jackson-module-parameter-names-2.14.1.jar;C:\Users\Solid Lizard\.m2\repository\org\springframework\spring-web\6.0.2\spring-web-6.0.2.jar;C:\Users\Solid Lizard\.m2\repository\org\springframework\spring-beans\6.0.2\spring-beans-6.0.2.jar;C:\Users\Solid Lizard\.m2\repository\io\micrometer\micrometer-observation\1.10.2\micrometer-observation-1.10.2.jar;C:\Users\Solid Lizard\.m2\repository\io\micrometer\micrometer-commons\1.10.2\micrometer-commons-1.10.2.jar;C:\Users\Solid Lizard\.m2\repository\org\springframework\spring-webmvc\6.0.2\spring-webmvc-6.0.2.jar;C:\Users\Solid Lizard\.m2\repository\org\springframework\spring-aop\6.0.2\spring-aop-6.0.2.jar;C:\Users\Solid Lizard\.m2\repository\org\springframework\spring-context\6.0.2\spring-context-6.0.2.jar;C:\Users\Solid Lizard\.m2\repository\org\springframework\spring-expression\6.0.2\spring-expression-6.0.2.jar;C:\Users\Solid Lizard\.m2\repository\org\springframework\boot\spring-boot-starter-data-jpa\3.0.0\spring-boot-starter-data-jpa-3.0.0.jar;C:\Users\Solid Lizard\.m2\repository\org\springframework\boot\spring-boot-starter-aop\3.0.0\spring-boot-starter-aop-3.0.0.jar;C:\Users\Solid Lizard\.m2\repository\org\aspectj\aspectjweaver\1.9.9.1\aspectjweaver-1.9.9.1.jar;C:\Users\Solid Lizard\.m2\repository\org\springframework\boot\spring-boot-starter-jdbc\3.0.0\spring-boot-starter-jdbc-3.0.0.jar;C:\Users\Solid Lizard\.m2\repository\com\zaxxer\HikariCP\5.0.1\HikariCP-5.0.1.jar;C:\Users\Solid Lizard\.m2\repository\org\springframework\spring-jdbc\6.0.2\spring-jdbc-6.0.2.jar;C:\Users\Solid Lizard\.m2\repository\org\hibernate\orm\hibernate-core\6.1.5.Final\hibernate-core-6.1.5.Final.jar;C:\Users\Solid Lizard\.m2\repository\jakarta\persistence\jakarta.persistence-api\3.1.0\jakarta.persistence-api-3.1.0.jar;C:\Users\Solid Lizard\.m2\repository\jakarta\transaction\jakarta.transaction-api\2.0.1\jakarta.transaction-api-2.0.1.jar;C:\Users\Solid Lizard\.m2\repository\org\jboss\logging\jboss-logging\3.5.0.Final\jboss-logging-3.5.0.Final.jar;C:\Users\Solid Lizard\.m2\repository\org\hibernate\common\hibernate-commons-annotations\6.0.2.Final\hibernate-commons-annotations-6.0.2.Final.jar;C:\Users\Solid Lizard\.m2\repository\org\jboss\jandex\2.4.2.Final\jandex-2.4.2.Final.jar;C:\Users\Solid Lizard\.m2\repository\com\fasterxml\classmate\1.5.1\classmate-1.5.1.jar;C:\Users\Solid Lizard\.m2\repository\net\bytebuddy\byte-buddy\1.12.19\byte-buddy-1.12.19.jar;C:\Users\Solid Lizard\.m2\repository\org\glassfish\jaxb\jaxb-runtime\4.0.1\jaxb-runtime-4.0.1.jar;C:\Users\Solid Lizard\.m2\repository\org\glassfish\jaxb\jaxb-core\4.0.1\jaxb-core-4.0.1.jar;C:\Users\Solid Lizard\.m2\repository\org\eclipse\angus\angus-activation\1.0.0\angus-activation-1.0.0.jar;C:\Users\Solid Lizard\.m2\repository\org\glassfish\jaxb\txw2\4.0.1\txw2-4.0.1.jar;C:\Users\Solid Lizard\.m2\repository\com\sun\istack\istack-commons-runtime\4.1.1\istack-commons-runtime-4.1.1.jar;C:\Users\Solid Lizard\.m2\repository\jakarta\inject\jakarta.inject-api\2.0.0\jakarta.inject-api-2.0.0.jar;C:\Users\Solid Lizard\.m2\repository\org\antlr\antlr4-runtime\4.10.1\antlr4-runtime-4.10.1.jar;C:\Users\Solid Lizard\.m2\repository\org\springframework\data\spring-data-jpa\3.0.0\spring-data-jpa-3.0.0.jar;C:\Users\Solid Lizard\.m2\repository\org\springframework\data\spring-data-commons\3.0.0\spring-data-commons-3.0.0.jar;C:\Users\Solid Lizard\.m2\repository\org\springframework\spring-orm\6.0.2\spring-orm-6.0.2.jar;C:\Users\Solid Lizard\.m2\repository\org\springframework\spring-tx\6.0.2\spring-tx-6.0.2.jar;C:\Users\Solid Lizard\.m2\repository\org\springframework\spring-aspects\6.0.2\spring-aspects-6.0.2.jar;C:\Users\Solid Lizard\.m2\repository\org\springframework\boot\spring-boot-devtools\3.0.0\spring-boot-devtools-3.0.0.jar;C:\Users\Solid Lizard\.m2\repository\org\springframework\boot\spring-boot\3.0.0\spring-boot-3.0.0.jar;C:\Users\Solid Lizard\.m2\repository\org\springframework\boot\spring-boot-autoconfigure\3.0.0\spring-boot-autoconfigure-3.0.0.jar;C:\Users\Solid Lizard\.m2\repository\com\h2database\h2\2.1.214\h2-2.1.214.jar;C:\Users\Solid Lizard\.m2\repository\com\mysql\mysql-connector-j\8.0.31\mysql-connector-j-8.0.31.jar;C:\Users\Solid Lizard\.m2\repository\org\springframework\boot\spring-boot-starter-tomcat\3.0.0\spring-boot-starter-tomcat-3.0.0.jar;C:\Users\Solid Lizard\.m2\repository\jakarta\annotation\jakarta.annotation-api\2.1.1\jakarta.annotation-api-2.1.1.jar;C:\Users\Solid Lizard\.m2\repository\org\apache\tomcat\embed\tomcat-embed-core\10.1.1\tomcat-embed-core-10.1.1.jar;C:\Users\Solid Lizard\.m2\repository\org\apache\tomcat\embed\tomcat-embed-el\10.1.1\tomcat-embed-el-10.1.1.jar;C:\Users\Solid Lizard\.m2\repository\org\apache\tomcat\embed\tomcat-embed-websocket\10.1.1\tomcat-embed-websocket-10.1.1.jar;C:\Users\Solid Lizard\.m2\repository\org\springframework\boot\spring-boot-starter-test\3.0.0\spring-boot-starter-test-3.0.0.jar;C:\Users\Solid Lizard\.m2\repository\org\springframework\boot\spring-boot-test\3.0.0\spring-boot-test-3.0.0.jar;C:\Users\Solid Lizard\.m2\repository\org\springframework\boot\spring-boot-test-autoconfigure\3.0.0\spring-boot-test-autoconfigure-3.0.0.jar;C:\Users\Solid Lizard\.m2\repository\com\jayway\jsonpath\json-path\2.7.0\json-path-2.7.0.jar;C:\Users\Solid Lizard\.m2\repository\net\minidev\json-smart\2.4.8\json-smart-2.4.8.jar;C:\Users\Solid Lizard\.m2\repository\net\minidev\accessors-smart\2.4.8\accessors-smart-2.4.8.jar;C:\Users\Solid Lizard\.m2\repository\org\ow2\asm\asm\9.1\asm-9.1.jar;C:\Users\Solid Lizard\.m2\repository\jakarta\xml\bind\jakarta.xml.bind-api\4.0.0\jakarta.xml.bind-api-4.0.0.jar;C:\Users\Solid Lizard\.m2\repository\jakarta\activation\jakarta.activation-api\2.1.0\jakarta.activation-api-2.1.0.jar;C:\Users\Solid Lizard\.m2\repository\org\assertj\assertj-core\3.23.1\assertj-core-3.23.1.jar;C:\Users\Solid Lizard\.m2\repository\org\hamcrest\hamcrest\2.2\hamcrest-2.2.jar;C:\Users\Solid Lizard\.m2\repository\org\junit\jupiter\junit-jupiter\5.9.1\junit-jupiter-5.9.1.jar;C:\Users\Solid Lizard\.m2\repository\org\junit\jupiter\junit-jupiter-api\5.9.1\junit-jupiter-api-5.9.1.jar;C:\Users\Solid Lizard\.m2\repository\org\opentest4j\opentest4j\1.2.0\opentest4j-1.2.0.jar;C:\Users\Solid Lizard\.m2\repository\org\junit\platform\junit-platform-commons\1.9.1\junit-platform-commons-1.9.1.jar;C:\Users\Solid Lizard\.m2\repository\org\apiguardian\apiguardian-api\1.1.2\apiguardian-api-1.1.2.jar;C:\Users\Solid Lizard\.m2\repository\org\junit\jupiter\junit-jupiter-params\5.9.1\junit-jupiter-params-5.9.1.jar;C:\Users\Solid Lizard\.m2\repository\org\junit\jupiter\junit-jupiter-engine\5.9.1\junit-jupiter-engine-5.9.1.jar;C:\Users\Solid Lizard\.m2\repository\org\junit\platform\junit-platform-engine\1.9.1\junit-platform-engine-1.9.1.jar;C:\Users\Solid Lizard\.m2\repository\org\mockito\mockito-core\4.8.1\mockito-core-4.8.1.jar;C:\Users\Solid Lizard\.m2\repository\net\bytebuddy\byte-buddy-agent\1.12.19\byte-buddy-agent-1.12.19.jar;C:\Users\Solid Lizard\.m2\repository\org\objenesis\objenesis\3.2\objenesis-3.2.jar;C:\Users\Solid Lizard\.m2\repository\org\mockito\mockito-junit-jupiter\4.8.1\mockito-junit-jupiter-4.8.1.jar;C:\Users\Solid Lizard\.m2\repository\org\skyscreamer\jsonassert\1.5.1\jsonassert-1.5.1.jar;C:\Users\Solid Lizard\.m2\repository\com\vaadin\external\google\android-json\0.0.20131108.vaadin1\android-json-0.0.20131108.vaadin1.jar;C:\Users\Solid Lizard\.m2\repository\org\springframework\spring-core\6.0.2\spring-core-6.0.2.jar;C:\Users\Solid Lizard\.m2\repository\org\springframework\spring-jcl\6.0.2\spring-jcl-6.0.2.jar;C:\Users\Solid Lizard\.m2\repository\org\springframework\spring-test\6.0.2\spring-test-6.0.2.jar;C:\Users\Solid Lizard\.m2\repository\org\xmlunit\xmlunit-core\2.9.0\xmlunit-core-2.9.0.jar;, java.vm.vendor=Eclipse Adoptium, sun.arch.data.model=64, user.variant=, java.vendor.url=https://adoptium.net/, user.timezone=Europe/Madrid, jakarta.persistence.sharedCache.mode=UNSPECIFIED, org.jboss.logging.provider=slf4j, java.vm.specification.version=17, os.name=Windows 10, javax.persistence.validation.mode=AUTO, jakarta.persistence.nonJtaDataSource=HikariDataSource (HikariPool-1), sun.java.launcher=SUN_STANDARD, user.country=ES, sun.boot.library.path=C:\Users\Solid Lizard\OneDrive\Escritorio\Trabajo\1º Grado Superior\FP DUAL\Programacion\DESARROLLO\ECLIPSE\eclipse\plugins\org.eclipse.justj.openjdk.hotspot.jre.full.win32.x86_64_17.0.2
[...]
	at org.springframework.aop.framework.ReflectiveMethodInvocation.proceed(ReflectiveMethodInvocation.java:184)
	at org.springframework.data.projection.DefaultMethodInvokingMethodInterceptor.invoke(DefaultMethodInvokingMethodInterceptor.java:77)
	at org.springframework.aop.framework.ReflectiveMethodInvocation.proceed(ReflectiveMethodInvocation.java:184)
	at org.springframework.transaction.interceptor.TransactionInterceptor$1.proceedWithInvocation(TransactionInterceptor.java:123)
	at org.springframework.transaction.interceptor.TransactionAspectSupport.invokeWithinTransaction(TransactionAspectSupport.java:388)
	at org.springframework.transaction.interceptor.TransactionInterceptor.invoke(TransactionInterceptor.java:119)
	at org.springframework.aop.framework.ReflectiveMethodInvocation.proceed(ReflectiveMethodInvocation.java:184)
	at org.springframework.dao.support.PersistenceExceptionTranslationInterceptor.invoke(PersistenceExceptionTranslationInterceptor.java:137)
	... 88 common frames omitted
[DEBUG] - [main] - GenericWebApplicationContext: Closing org.springframework.web.context.support.GenericWebApplicationContext@2d7e1102, started on Wed Dec 14 10:20:03 CET 2022
[DEBUG] - [main] - DefaultLifecycleProcessor: Stopping beans in phase -2147483647
[DEBUG] - [main] - DefaultLifecycleProcessor: Bean 'springBootLoggingLifecycle' completed its stop procedure
[DEBUG] - [main] - ThreadPoolTaskExecutor: Shutting down ExecutorService 'applicationTaskExecutor'
[INFO ] - [main] - LocalContainerEntityManagerFactoryBean: Closing JPA EntityManagerFactory for persistence unit 'default'
[DEBUG] - [main] - SessionFactoryImpl: HHH000031: Closing
[DEBUG] - [main] - TypeConfiguration$Scope: Un-scoping TypeConfiguration [org.hibernate.type.spi.TypeConfiguration$Scope@4d21b505] from SessionFactory [org.hibernate.internal.SessionFactoryImpl@6a0e97fc]
[DEBUG] - [main] - AbstractServiceRegistryImpl: Implicitly destroying ServiceRegistry on de-registration of all child ServiceRegistries
[DEBUG] - [main] - BootstrapServiceRegistryImpl: Implicitly destroying Boot-strap registry on de-registration of all child ServiceRegistries
[INFO ] - [main] - HikariDataSource: HikariPool-1 - Shutdown initiated...
[DEBUG] - [main] - HikariPool: HikariPool-1 - Before shutdown stats (total=10, active=0, idle=10, waiting=0)
[DEBUG] - [HikariPool-1 connection closer] - PoolBase: HikariPool-1 - Closing connection com.mysql.cj.jdbc.ConnectionImpl@a84338a: (connection evicted)
[DEBUG] - [HikariPool-1 connection closer] - PoolBase: HikariPool-1 - Closing connection com.mysql.cj.jdbc.ConnectionImpl@3750ac9a: (connection evicted)
[DEBUG] - [HikariPool-1 connection closer] - PoolBase: HikariPool-1 - Closing connection com.mysql.cj.jdbc.ConnectionImpl@6ad3c61: (connection evicted)
[DEBUG] - [HikariPool-1 connection closer] - PoolBase: HikariPool-1 - Closing connection com.mysql.cj.jdbc.ConnectionImpl@531555eb: (connection evicted)
[DEBUG] - [HikariPool-1 connection closer] - PoolBase: HikariPool-1 - Closing connection com.mysql.cj.jdbc.ConnectionImpl@53316803: (connection evicted)
[DEBUG] - [HikariPool-1 connection closer] - PoolBase: HikariPool-1 - Closing connection com.mysql.cj.jdbc.ConnectionImpl@371ad198: (connection evicted)
[DEBUG] - [HikariPool-1 connection closer] - PoolBase: HikariPool-1 - Closing connection com.mysql.cj.jdbc.ConnectionImpl@7a343dc4: (connection evicted)
[DEBUG] - [HikariPool-1 connection closer] - PoolBase: HikariPool-1 - Closing connection com.mysql.cj.jdbc.ConnectionImpl@ef255cc: (connection evicted)
[DEBUG] - [HikariPool-1 connection closer] - PoolBase: HikariPool-1 - Closing connection com.mysql.cj.jdbc.ConnectionImpl@539b2bce: (connection evicted)
[DEBUG] - [HikariPool-1 connection closer] - PoolBase: HikariPool-1 - Closing connection com.mysql.cj.jdbc.ConnectionImpl@6a42d73: (connection evicted)
[DEBUG] - [main] - HikariPool: HikariPool-1 - After shutdown stats (total=0, active=0, idle=0, waiting=0)
[INFO ] - [main] - HikariDataSource: HikariPool-1 - Shutdown completed.
[ERROR] - [main] - TestContextManager: Caught exception while allowing TestExecutionListener [org.springframework.test.context.web.ServletTestExecutionListener@1d7f2719] to prepare test instance [com.Nttadta.nttdatacentersspringt1SLA.NttdatacentersSpringT1SlaApplicationTests@685e5967]
java.lang.IllegalStateException: Failed to load ApplicationContext for [WebMergedContextConfiguration@66297b63 testClass = com.Nttadta.nttdatacentersspringt1SLA.NttdatacentersSpringT1SlaApplicationTests, locations = [], classes = [com.Nttadta.nttdatacentersspringt1SLA.NttdatacentersSpringT1SlaApplication], contextInitializerClasses = [], activeProfiles = [], propertySourceLocations = [], propertySourceProperties = ["org.springframework.boot.test.context.SpringBootTestContextBootstrapper=true"], contextCustomizers = [org.springframework.boot.test.context.filter.ExcludeFilterContextCustomizer@3569fc08, org.springframework.boot.test.json.DuplicateJsonObjectContextCustomizerFactory$DuplicateJsonObjectContextCustomizer@7d42c224, org.springframework.boot.test.mock.mockito.MockitoContextCustomizer@0, org.springframework.boot.test.web.client.TestRestTemplateContextCustomizer@315f43d5, org.springframework.boot.test.autoconfigure.actuate.observability.ObservabilityContextCustomizerFactory$DisableObservabilityContextCustomizer@9da1, org.springframework.boot.test.autoconfigure.properties.PropertyMappingContextCustomizer@0, org.springframework.boot.test.autoconfigure.web.servlet.WebDriverContextCustomizerFactory$Customizer@4a11eb84, org.springframework.boot.test.context.SpringBootTestAnnotation@decebd39], resourceBasePath = "src/main/webapp", contextLoader = org.springframework.boot.test.context.SpringBootContextLoader, parent = null]
	at org.springframework.test.context.cache.DefaultCacheAwareContextLoaderDelegate.loadContext(DefaultCacheAwareContextLoaderDelegate.java:141)
	at org.springframework.test.context.support.DefaultTestContext.getApplicationContext(DefaultTestContext.java:127)
	at org.springframework.test.context.web.ServletTestExecutionListener.setUpRequestContextIfNecessary(ServletTestExecutionListener.java:192)
	at org.springframework.test.context.web.ServletTestExecutionListener.prepareTestInstance(ServletTestExecutionListener.java:131)
	at org.springframework.test.context.TestContextManager.prepareTestInstance(TestContextManager.java:249)
	at org.springframework.test.context.junit.jupiter.SpringExtension.postProcessTestInstance(SpringExtension.java:138)
	at org.junit.jupiter.engine.descriptor.ClassBasedTestDescriptor.lambda$invokeTestInstancePostProcessors$10(ClassBasedTestDescriptor.java:377)
	at org.junit.jupiter.engine.descriptor.ClassBasedTestDescriptor.executeAndMaskThrowable(ClassBasedTestDescriptor.java:382)
	at org.junit.jupiter.engine.descriptor.ClassBasedTestDescriptor.lambda$invokeTestInstancePostProcessors$11(ClassBasedTestDescriptor.java:377)
	at java.base/java.util.stream.ReferencePipeline$3$1.accept(ReferencePipeline.java:197)
	at java.base/java.util.stream.ReferencePipeline$2$1.accept(ReferencePipeline.java:179)
	at java.base/java.util.ArrayList$ArrayListSpliterator.forEachRemaining(ArrayList.java:1625)
	at java.base/java.util.stream.AbstractPipeline.copyInto(AbstractPipeline.java:509)
	at java.base/java.util.stream.AbstractPipeline.wrapAndCopyInto(AbstractPipeline.java:499)
	at java.base/java.util.stream.StreamSpliterators$WrappingSpliterator.forEachRemaining(StreamSpliterators.java:310)
	at java.base/java.util.stream.Streams$ConcatSpliterator.forEachRemaining(Streams.java:735)
	at java.base/java.util.stream.Streams$ConcatSpliterator.forEachRemaining(Streams.java:734)
	at java.base/java.util.stream.ReferencePipeline$Head.forEach(ReferencePipeline.java:762)
	at org.junit.jupiter.engine.descriptor.ClassBasedTestDescriptor.invokeTestInstancePostProcessors(ClassBasedTestDescriptor.java:376)
	at org.junit.jupiter.engine.descriptor.ClassBasedTestDescriptor.lambda$instantiateAndPostProcessTestInstance$6(ClassBasedTestDescriptor.java:289)
	at org.junit.platform.engine.support.hierarchical.ThrowableCollector.execute(ThrowableCollector.java:73)
	at org.junit.jupiter.engine.descriptor.ClassBasedTestDescriptor.instantiateAndPostProcessTestInstance(ClassBasedTestDescriptor.java:288)
	at org.junit.jupiter.engine.descriptor.ClassBasedTestDescriptor.lambda$testInstancesProvider$4(ClassBasedTestDescriptor.java:278)
	at java.base/java.util.Optional.orElseGet(Optional.java:364)
	at org.junit.jupiter.engine.descriptor.ClassBasedTestDescriptor.lambda$testInstancesProvider$5(ClassBasedTestDescriptor.java:277)
	at org.junit.jupiter.engine.execution.TestInstancesProvider.getTestInstances(TestInstancesProvider.java:31)
	at org.junit.jupiter.engine.descriptor.TestMethodTestDescriptor.lambda$prepare$0(TestMethodTestDescriptor.java:105)
	at org.junit.platform.engine.support.hierarchical.ThrowableCollector.execute(ThrowableCollector.java:73)
	at org.junit.jupiter.engine.descriptor.TestMethodTestDescriptor.prepare(TestMethodTestDescriptor.java:104)
	at org.junit.jupiter.engine.descriptor.TestMethodTestDescriptor.prepare(TestMethodTestDescriptor.java:68)
	at org.junit.platform.engine.support.hierarchical.NodeTestTask.lambda$prepare$2(NodeTestTask.java:123)
	at org.junit.platform.engine.support.hierarchical.ThrowableCollector.execute(ThrowableCollector.java:73)
	at org.junit.platform.engine.support.hierarchical.NodeTestTask.prepare(NodeTestTask.java:123)
	at org.junit.platform.engine.support.hierarchical.NodeTestTask.execute(NodeTestTask.java:90)
	at java.base/java.util.ArrayList.forEach(ArrayList.java:1511)
	at org.junit.platform.engine.support.hierarchical.SameThreadHierarchicalTestExecutorService.invokeAll(SameThreadHierarchicalTestExecutorService.java:41)
	at org.junit.platform.engine.support.hierarchical.NodeTestTask.lambda$executeRecursively$6(NodeTestTask.java:155)
	at org.junit.platform.engine.support.hierarchical.ThrowableCollector.execute(ThrowableCollector.java:73)
	at org.junit.platform.engine.support.hierarchical.NodeTestTask.lambda$executeRecursively$8(NodeTestTask.java:141)
	at org.junit.platform.engine.support.hierarchical.Node.around(Node.java:137)
	at org.junit.platform.engine.support.hierarchical.NodeTestTask.lambda$executeRecursively$9(NodeTestTask.java:139)
	at org.junit.platform.engine.support.hierarchical.ThrowableCollector.execute(ThrowableCollector.java:73)
	at org.junit.platform.engine.support.hierarchical.NodeTestTask.executeRecursively(NodeTestTask.java:138)
	at org.junit.platform.engine.support.hierarchical.NodeTestTask.execute(NodeTestTask.java:95)
	at java.base/java.util.ArrayList.forEach(ArrayList.java:1511)
	at org.junit.platform.engine.support.hierarchical.SameThreadHierarchicalTestExecutorService.invokeAll(SameThreadHierarchicalTestExecutorService.java:41)
	at org.junit.platform.engine.support.hierarchical.NodeTestTask.lambda$executeRecursively$6(NodeTestTask.java:155)
	at org.junit.platform.engine.support.hierarchical.ThrowableCollector.execute(ThrowableCollector.java:73)
	at org.junit.platform.engine.support.hierarchical.NodeTestTask.lambda$executeRecursively$8(NodeTestTask.java:141)
	at org.junit.platform.engine.support.hierarchical.Node.around(Node.java:137)
	at org.junit.platform.engine.support.hierarchical.NodeTestTask.lambda$executeRecursively$9(NodeTestTask.java:139)
	at org.junit.platform.engine.support.hierarchical.ThrowableCollector.execute(ThrowableCollector.java:73)
	at org.junit.platform.engine.support.hierarchical.NodeTestTask.executeRecursively(NodeTestTask.java:138)
	at org.junit.platform.engine.support.hierarchical.NodeTestTask.execute(NodeTestTask.java:95)
	at org.junit.platform.engine.support.hierarchical.SameThreadHierarchicalTestExecutorService.submit(SameThreadHierarchicalTestExecutorService.java:35)
	at org.junit.platform.engine.support.hierarchical.HierarchicalTestExecutor.execute(HierarchicalTestExecutor.java:57)
	at org.junit.platform.engine.support.hierarchical.HierarchicalTestEngine.execute(HierarchicalTestEngine.java:54)
	at org.junit.platform.launcher.core.DefaultLauncher.execute(DefaultLauncher.java:220)
	at org.junit.platform.launcher.core.DefaultLauncher.lambda$execute$6(DefaultLauncher.java:188)
	at org.junit.platform.launcher.core.DefaultLauncher.withInterceptedStreams(DefaultLauncher.java:202)
	at org.junit.platform.launcher.core.DefaultLauncher.execute(DefaultLauncher.java:181)
	at org.junit.platform.launcher.core.DefaultLauncher.execute(DefaultLauncher.java:128)
	at org.apache.maven.surefire.junitplatform.JUnitPlatformProvider.invokeAllTests(JUnitPlatformProvider.java:150)
	at org.apache.maven.surefire.junitplatform.JUnitPlatformProvider.invoke(JUnitPlatformProvider.java:124)
	at org.apache.maven.surefire.booter.ForkedBooter.invokeProviderInSameClassLoader(ForkedBooter.java:384)
	at org.apache.maven.surefire.booter.ForkedBooter.runSuitesInProcess(ForkedBooter.java:345)
	at org.apache.maven.surefire.booter.ForkedBooter.execute(ForkedBooter.java:126)
	at org.apache.maven.surefire.booter.ForkedBooter.main(ForkedBooter.java:418)
Caused by: java.lang.IllegalStateException: Failed to execute CommandLineRunner
	at org.springframework.boot.SpringApplication.callRunner(SpringApplication.java:770)
	at org.springframework.boot.SpringApplication.callRunners(SpringApplication.java:751)
	at org.springframework.boot.SpringApplication.run(SpringApplication.java:315)
	at org.springframework.boot.test.context.SpringBootContextLoader.lambda$loadContext$3(SpringBootContextLoader.java:137)
	at org.springframework.util.function.ThrowingSupplier.get(ThrowingSupplier.java:59)
	at org.springframework.util.function.ThrowingSupplier.get(ThrowingSupplier.java:47)
	at org.springframework.boot.SpringApplication.withHook(SpringApplication.java:1386)
	at org.springframework.boot.test.context.SpringBootContextLoader$ContextLoaderHook.run(SpringBootContextLoader.java:543)
	at org.springframework.boot.test.context.SpringBootContextLoader.loadContext(SpringBootContextLoader.java:137)
	at org.springframework.boot.test.context.SpringBootContextLoader.loadContext(SpringBootContextLoader.java:108)
	at org.springframework.test.context.cache.DefaultCacheAwareContextLoaderDelegate.loadContextInternal(DefaultCacheAwareContextLoaderDelegate.java:183)
	at org.springframework.test.context.cache.DefaultCacheAwareContextLoaderDelegate.loadContext(DefaultCacheAwareContextLoaderDelegate.java:117)
	... 67 common frames omitted
Caused by: org.springframework.dao.IncorrectResultSizeDataAccessException: query did not return a unique result: 2
	at org.springframework.orm.jpa.EntityManagerFactoryUtils.convertJpaAccessExceptionIfPossible(EntityManagerFactoryUtils.java:382)
	at org.springframework.orm.jpa.vendor.HibernateJpaDialect.translateExceptionIfPossible(HibernateJpaDialect.java:235)
	at org.springframework.orm.jpa.AbstractEntityManagerFactoryBean.translateExceptionIfPossible(AbstractEntityManagerFactoryBean.java:550)
	at org.springframework.dao.support.ChainedPersistenceExceptionTranslator.translateExceptionIfPossible(ChainedPersistenceExceptionTranslator.java:61)
	at org.springframework.dao.support.DataAccessUtils.translateIfNecessary(DataAccessUtils.java:242)
	at org.springframework.dao.support.PersistenceExceptionTranslationInterceptor.invoke(PersistenceExceptionTranslationInterceptor.java:152)
	at org.springframework.aop.framework.ReflectiveMethodInvocation.proceed(ReflectiveMethodInvocation.java:184)
	at org.springframework.data.jpa.repository.support.CrudMethodMetadataPostProcessor$CrudMethodMetadataPopulatingMethodInterceptor.invoke(CrudMethodMetadataPostProcessor.java:134)
	at org.springframework.aop.framework.ReflectiveMethodInvocation.proceed(ReflectiveMethodInvocation.java:184)
	at org.springframework.aop.interceptor.ExposeInvocationInterceptor.invoke(ExposeInvocationInterceptor.java:97)
	at org.springframework.aop.framework.ReflectiveMethodInvocation.proceed(ReflectiveMethodInvocation.java:184)
	at org.springframework.aop.framework.JdkDynamicAopProxy.invoke(JdkDynamicAopProxy.java:218)
	at jdk.proxy2/jdk.proxy2.$Proxy109.findByNameAndSurname(Unknown Source)
	at com.Nttadta.nttdatacentersspringt1SLA.services.PersonManagementServiceImpl.searchByNameAndSurname(PersonManagementServiceImpl.java:68)
	at com.Nttadta.nttdatacentersspringt1SLA.NttdatacentersSpringT1SlaApplication.run(NttdatacentersSpringT1SlaApplication.java:189)
	at org.springframework.boot.SpringApplication.callRunner(SpringApplication.java:767)
	... 78 common frames omitted
Caused by: jakarta.persistence.NonUniqueResultException: query did not return a unique result: 2
	at org.hibernate.internal.ExceptionConverterImpl.convert(ExceptionConverterImpl.java:128)
	at org.hibernate.query.spi.AbstractSelectionQuery.getSingleResult(AbstractSelectionQuery.java:466)
	at org.hibernate.query.sqm.internal.QuerySqmImpl.getSingleResult(QuerySqmImpl.java:1062)
	at java.base/jdk.internal.reflect.NativeMethodAccessorImpl.invoke0(Native Method)
	at java.base/jdk.internal.reflect.NativeMethodAccessorImpl.invoke(NativeMethodAccessorImpl.java:77)
	at java.base/jdk.internal.reflect.DelegatingMethodAccessorImpl.invoke(DelegatingMethodAccessorImpl.java:43)
	at java.base/java.lang.reflect.Method.invoke(Method.java:568)
	at org.springframework.orm.jpa.SharedEntityManagerCreator$DeferredQueryInvocationHandler.invoke(SharedEntityManagerCreator.java:401)
	at jdk.proxy2/jdk.proxy2.$Proxy124.getSingleResult(Unknown Source)
	at org.springframework.data.jpa.repository.query.JpaQueryExecution$SingleEntityExecution.doExecute(JpaQueryExecution.java:193)
	at org.springframework.data.jpa.repository.query.JpaQueryExecution.execute(JpaQueryExecution.java:90)
	at org.springframework.data.jpa.repository.query.AbstractJpaQuery.doExecute(AbstractJpaQuery.java:148)
	at org.springframework.data.jpa.repository.query.AbstractJpaQuery.execute(AbstractJpaQuery.java:136)
	at org.springframework.data.repository.core.support.RepositoryMethodInvoker.doInvoke(RepositoryMethodInvoker.java:136)
	at org.springframework.data.repository.core.support.RepositoryMethodInvoker.invoke(RepositoryMethodInvoker.java:120)
	at org.springframework.data.repository.core.support.QueryExecutorMethodInterceptor.doInvoke(QueryExecutorMethodInterceptor.java:164)
	at org.springframework.data.repository.core.support.QueryExecutorMethodInterceptor.invoke(QueryExecutorMethodInterceptor.java:143)
	at org.springframework.aop.framework.ReflectiveMethodInvocation.proceed(ReflectiveMethodInvocation.java:184)
	at org.springframework.data.projection.DefaultMethodInvokingMethodInterceptor.invoke(DefaultMethodInvokingMethodInterceptor.java:77)
	at org.springframework.aop.framework.ReflectiveMethodInvocation.proceed(ReflectiveMethodInvocation.java:184)
	at org.springframework.transaction.interceptor.TransactionInterceptor$1.proceedWithInvocation(TransactionInterceptor.java:123)
	at org.springframework.transaction.interceptor.TransactionAspectSupport.invokeWithinTransaction(TransactionAspectSupport.java:388)
	at org.springframework.transaction.interceptor.TransactionInterceptor.invoke(TransactionInterceptor.java:119)
	at org.springframework.aop.framework.ReflectiveMethodInvocation.proceed(ReflectiveMethodInvocation.java:184)
	at org.springframework.dao.support.PersistenceExceptionTranslationInterceptor.invoke(PersistenceExceptionTranslationInterceptor.java:137)
	... 88 common frames omitted
]]></system-out>
    <system-err><![CDATA[


============================
CONDITIONS EVALUATION REPORT
============================


Positive matches:
-----------------

    None


Negative matches:
-----------------

    None


Exclusions:
-----------

    None


Unconditional classes:
----------------------

    None



]]></system-err>
  </testcase>
</testsuite>